#
# There is insufficient memory for the Java Runtime Environment to continue.
# Native memory allocation (malloc) failed to allocate 32744 bytes for ChunkPool::allocate
# Possible reasons:
#   The system is out of physical RAM or swap space
#   The process is running with CompressedOops enabled, and the Java Heap may be blocking the growth of the native heap
# Possible solutions:
#   Reduce memory load on the system
#   Increase physical memory or swap space
#   Check if swap backing store is full
#   Decrease Java heap size (-Xmx/-Xms)
#   Decrease number of Java threads
#   Decrease Java thread stack sizes (-Xss)
#   Set larger code cache with -XX:ReservedCodeCacheSize=
#   JVM is running with Unscaled Compressed Oops mode in which the Java heap is
#     placed in the first 4GB address space. The Java Heap base address is the
#     maximum limit for the native heap growth. Please use -XX:HeapBaseMinAddress
#     to set the Java Heap base and to place the Java Heap above 4GB virtual address.
# This output file may be truncated or incomplete.
#
#  Out of Memory Error (./src/hotspot/share/memory/arena.cpp:81), pid=7188, tid=6292
#
# JRE version: OpenJDK Runtime Environment (11.0.10) (build 11.0.10+0-b96-7249189)
# Java VM: OpenJDK 64-Bit Server VM (11.0.10+0-b96-7249189, mixed mode, tiered, compressed oops, g1 gc, windows-amd64)
# No core dump will be written. Minidumps are not enabled by default on client versions of Windows
#

---------------  S U M M A R Y ------------

Command Line: --add-opens=java.base/java.util=ALL-UNNAMED --add-opens=java.base/java.lang=ALL-UNNAMED --add-opens=java.base/java.lang.invoke=ALL-UNNAMED --add-opens=java.base/java.util=ALL-UNNAMED --add-opens=java.prefs/java.util.prefs=ALL-UNNAMED --add-opens=java.prefs/java.util.prefs=ALL-UNNAMED --add-opens=java.base/java.nio.charset=ALL-UNNAMED --add-opens=java.base/java.net=ALL-UNNAMED --add-opens=java.base/java.util.concurrent.atomic=ALL-UNNAMED -Xmx2048m -Dfile.encoding=UTF-8 -Duser.country=CO -Duser.language=es -Duser.variant org.gradle.launcher.daemon.bootstrap.GradleDaemon 7.0.2

Host: Intel(R) Core(TM) i5-5200U CPU @ 2.20GHz, 4 cores, 7G,  Windows 8.1 , 64 bit Build 9600 (6.3.9600.17031)
Time: Thu Nov 11 21:30:43 2021 Hora est. Pacífico, Sudamérica elapsed time: 3920.645060 seconds (0d 1h 5m 20s)

---------------  T H R E A D  ---------------

Current thread (0x000000c447dc1000):  JavaThread "C2 CompilerThread0" daemon [_thread_in_native, id=6292, stack(0x000000c448a80000,0x000000c448b80000)]


Current CompileTask:
C2:3920645 31510 % !   4      
[error occurred during error reporting (printing current compile task), id 0xe0000001, Out of Memory Error (./src/hotspot/share/memory/arena.cpp:81)]

Stack: [0x000000c448a80000,0x000000c448b80000]
Native frames: (J=compiled Java code, j=interpreted, Vv=VM code, C=native code)
V  [jvm.dll+0x5ecfaa]
V  [jvm.dll+0x722bd5]
V  [jvm.dll+0x72412d]
V  [jvm.dll+0x7247e3]
V  [jvm.dll+0x242928]
V  [jvm.dll+0xbc75b]
V  [jvm.dll+0xbca0c]
V  [jvm.dll+0x6b5cfa]
V  [jvm.dll+0x6b5e49]
V  [jvm.dll+0x4c7b72]
V  [jvm.dll+0x5a5129]
V  [jvm.dll+0x20d6b5]
V  [jvm.dll+0x20dac7]
V  [jvm.dll+0x722a73]
V  [jvm.dll+0x72412d]
V  [jvm.dll+0x7247e3]
V  [jvm.dll+0x242928]
V  [jvm.dll+0xbc75b]
V  [jvm.dll+0xbca0c]
V  [jvm.dll+0x35814c]
V  [jvm.dll+0x4eaafe]
V  [jvm.dll+0x4e9f13]
V  [jvm.dll+0x4ea6e6]
V  [jvm.dll+0x198021]
V  [jvm.dll+0x1fb70e]
V  [jvm.dll+0x1fa7f4]
V  [jvm.dll+0x18354c]
V  [jvm.dll+0x208ee7]
V  [jvm.dll+0x207731]
V  [jvm.dll+0x6eb1cf]
V  [jvm.dll+0x6e3d45]
V  [jvm.dll+0x5ebe96]
C  [ucrtbase.DLL+0x682dd]
C  [KERNEL32.DLL+0x168d]
C  [ntdll.dll+0x154e4]


---------------  P R O C E S S  ---------------

Threads class SMR info:
_java_thread_list=0x000000c44c671420, length=56, elements={
0x000000c42b35c000, 0x000000c447d5c000, 0x000000c447d65800, 0x000000c447db2800,
0x000000c447db5800, 0x000000c447db7000, 0x000000c447dc1000, 0x000000c44733c800,
0x000000c44733d800, 0x000000c447f15800, 0x000000c44ba68000, 0x000000c44c88f000,
0x000000c44b0fe800, 0x000000c44a3e0000, 0x000000c44a3e0800, 0x000000c44a3de000,
0x000000c44a3df000, 0x000000c44a3e2800, 0x000000c44cd28800, 0x000000c44cd2b800,
0x000000c44cd29000, 0x000000c44cd2d000, 0x000000c44cd2f800, 0x000000c44cd32000,
0x000000c44cd35800, 0x000000c454052800, 0x000000c45405e800, 0x000000c454055800,
0x000000c454056800, 0x000000c454055000, 0x000000c454053000, 0x000000c454054000,
0x000000c454058000, 0x000000c454059000, 0x000000c454059800, 0x000000c454057000,
0x000000c45405a800, 0x000000c45405b800, 0x000000c45405c000, 0x000000c45405f800,
0x000000c45405d000, 0x000000c454060000, 0x000000c45405d800, 0x000000c44cd2a000,
0x000000c44cd30800, 0x000000c44cd2e000, 0x000000c44cd36000, 0x000000c44cd33800,
0x000000c44cd37000, 0x000000c44cd34800, 0x000000c44a3dd800, 0x000000c44a3e3000,
0x000000c44a3e4000, 0x000000c44a3e1800, 0x000000c45127a800, 0x000000c451278000
}

Java Threads: ( => current thread )
  0x000000c42b35c000 JavaThread "main" [_thread_blocked, id=4076, stack(0x000000c42b3d0000,0x000000c42b4d0000)]
  0x000000c447d5c000 JavaThread "Reference Handler" daemon [_thread_blocked, id=9196, stack(0x000000c448250000,0x000000c448350000)]
  0x000000c447d65800 JavaThread "Finalizer" daemon [_thread_blocked, id=5324, stack(0x000000c448350000,0x000000c448450000)]
  0x000000c447db2800 JavaThread "Signal Dispatcher" daemon [_thread_blocked, id=2948, stack(0x000000c448780000,0x000000c448880000)]
  0x000000c447db5800 JavaThread "Attach Listener" daemon [_thread_blocked, id=6168, stack(0x000000c448880000,0x000000c448980000)]
  0x000000c447db7000 JavaThread "Service Thread" daemon [_thread_blocked, id=6248, stack(0x000000c448980000,0x000000c448a80000)]
=>0x000000c447dc1000 JavaThread "C2 CompilerThread0" daemon [_thread_in_native, id=6292, stack(0x000000c448a80000,0x000000c448b80000)]
  0x000000c44733c800 JavaThread "C1 CompilerThread0" daemon [_thread_blocked, id=1444, stack(0x000000c448b80000,0x000000c448c80000)]
  0x000000c44733d800 JavaThread "Sweeper thread" daemon [_thread_blocked, id=6976, stack(0x000000c448c80000,0x000000c448d80000)]
  0x000000c447f15800 JavaThread "Common-Cleaner" daemon [_thread_blocked, id=6124, stack(0x000000c448d80000,0x000000c448e80000)]
  0x000000c44ba68000 JavaThread "Daemon health stats" [_thread_blocked, id=8592, stack(0x000000c44bd20000,0x000000c44be20000)]
  0x000000c44c88f000 JavaThread "Incoming local TCP Connector on port 61769" [_thread_in_native, id=9172, stack(0x000000c44c020000,0x000000c44c120000)]
  0x000000c44b0fe800 JavaThread "Daemon periodic checks" [_thread_blocked, id=8180, stack(0x000000c44d320000,0x000000c44d420000)]
  0x000000c44a3e0000 JavaThread "Cache worker for file hash cache (C:\Users\Cristhian Morales\.gradle\caches\7.0.2\fileHashes)" [_thread_blocked, id=8796, stack(0x000000c449780000,0x000000c449880000)]
  0x000000c44a3e0800 JavaThread "File lock request listener" [_thread_in_native, id=6476, stack(0x000000c44e780000,0x000000c44e880000)]
  0x000000c44a3de000 JavaThread "Cache worker for journal cache (C:\Users\Cristhian Morales\.gradle\caches\journal-1)" [_thread_blocked, id=7976, stack(0x000000c44ea80000,0x000000c44eb80000)]
  0x000000c44a3df000 JavaThread "File watcher server" daemon [_thread_in_native, id=4164, stack(0x000000c44f000000,0x000000c44f100000)]
  0x000000c44a3e2800 JavaThread "File watcher consumer" daemon [_thread_blocked, id=5248, stack(0x000000c4503a0000,0x000000c4504a0000)]
  0x000000c44cd28800 JavaThread "Cache worker for execution history cache (C:\Users\Cristhian Morales\.gradle\caches\7.0.2\executionHistory)" [_thread_blocked, id=4120, stack(0x000000c4506a0000,0x000000c4507a0000)]
  0x000000c44cd2b800 JavaThread "jar transforms" [_thread_blocked, id=9116, stack(0x000000c4520f0000,0x000000c4521f0000)]
  0x000000c44cd29000 JavaThread "jar transforms Thread 2" [_thread_blocked, id=8700, stack(0x000000c4521f0000,0x000000c4522f0000)]
  0x000000c44cd2d000 JavaThread "Cache worker for file content cache (C:\Users\Cristhian Morales\.gradle\caches\7.0.2\fileContent)" [_thread_blocked, id=9076, stack(0x000000c4527f0000,0x000000c4528f0000)]
  0x000000c44cd2f800 JavaThread "jar transforms Thread 3" [_thread_blocked, id=6328, stack(0x000000c4528f0000,0x000000c4529f0000)]
  0x000000c44cd32000 JavaThread "jar transforms Thread 4" [_thread_blocked, id=2920, stack(0x000000c453510000,0x000000c453610000)]
  0x000000c44cd35800 JavaThread "Memory manager" [_thread_blocked, id=5292, stack(0x000000c454fe0000,0x000000c4550e0000)]
  0x000000c454052800 JavaThread "Cache worker for Java compile cache (C:\Users\Cristhian Morales\.gradle\caches\7.0.2\javaCompile)" [_thread_blocked, id=6416, stack(0x000000c45b3c0000,0x000000c45b4c0000)]
  0x000000c45405e800 JavaThread "ForkJoinPool.commonPool-worker-7" daemon [_thread_blocked, id=6264, stack(0x000000c45da60000,0x000000c45db60000)]
  0x000000c454055800 JavaThread "Daemon Thread 9" [_thread_blocked, id=5488, stack(0x000000c44db80000,0x000000c44dc80000)]
  0x000000c454056800 JavaThread "Daemon worker Thread 9" [_thread_blocked, id=6052, stack(0x000000c44de80000,0x000000c44df80000)]
  0x000000c454055000 JavaThread "Handler for socket connection from /127.0.0.1:61769 to /127.0.0.1:63585" [_thread_in_native, id=1180, stack(0x000000c44dc80000,0x000000c44dd80000)]
  0x000000c454053000 JavaThread "Cancel handler" [_thread_blocked, id=2480, stack(0x000000c44dd80000,0x000000c44de80000)]
  0x000000c454054000 JavaThread "Asynchronous log dispatcher for DefaultDaemonConnection: socket connection from /127.0.0.1:61769 to /127.0.0.1:63585" [_thread_blocked, id=1436, stack(0x000000c44df80000,0x000000c44e080000)]
  0x000000c454058000 JavaThread "Stdin handler" [_thread_blocked, id=8276, stack(0x000000c44e080000,0x000000c44e180000)]
  0x000000c454059000 JavaThread "Daemon client event forwarder" [_thread_blocked, id=8352, stack(0x000000c44e280000,0x000000c44e380000)]
  0x000000c454059800 JavaThread "Cache worker for file hash cache (D:\PC\Nueva carpeta (2)\GitHub\Reactivate_Movil_AndroidStudio\.gradle\7.0.2\fileHashes)" [_thread_blocked, id=8836, stack(0x000000c44ed80000,0x000000c44ee80000)]
  0x000000c454057000 JavaThread "Cache worker for checksums cache (D:\PC\Nueva carpeta (2)\GitHub\Reactivate_Movil_AndroidStudio\.gradle\checksums)" [_thread_blocked, id=5140, stack(0x000000c44ee80000,0x000000c44ef80000)]
  0x000000c45405a800 JavaThread "Cache worker for cache directory md-supplier (C:\Users\Cristhian Morales\.gradle\caches\7.0.2\md-supplier)" [_thread_blocked, id=7432, stack(0x000000c450120000,0x000000c450220000)]
  0x000000c45405b800 JavaThread "Cache worker for cache directory md-rule (C:\Users\Cristhian Morales\.gradle\caches\7.0.2\md-rule)" [_thread_blocked, id=8808, stack(0x000000c450220000,0x000000c450320000)]
  0x000000c45405c000 JavaThread "Cache worker for dependencies-accessors (D:\PC\Nueva carpeta (2)\GitHub\Reactivate_Movil_AndroidStudio\.gradle\7.0.2\dependencies-accessors)" [_thread_blocked, id=5464, stack(0x000000c4507a0000,0x000000c4508a0000)]
  0x000000c45405f800 JavaThread "Cache worker for Build Output Cleanup Cache (D:\PC\Nueva carpeta (2)\GitHub\Reactivate_Movil_AndroidStudio\.gradle\buildOutputCleanup)" [_thread_blocked, id=9020, stack(0x000000c4526f0000,0x000000c4527f0000)]
  0x000000c45405d000 JavaThread "Build operations" [_thread_blocked, id=7452, stack(0x000000c4529f0000,0x000000c452af0000)]
  0x000000c454060000 JavaThread "Build operations Thread 2" [_thread_blocked, id=2944, stack(0x000000c453310000,0x000000c453410000)]
  0x000000c45405d800 JavaThread "Build operations Thread 3" [_thread_blocked, id=8216, stack(0x000000c453410000,0x000000c453510000)]
  0x000000c44cd2a000 JavaThread "Build operations Thread 4" [_thread_blocked, id=6156, stack(0x000000c4552e0000,0x000000c4553e0000)]
  0x000000c44cd30800 JavaThread "build event listener" [_thread_blocked, id=8372, stack(0x000000c455830000,0x000000c455930000)]
  0x000000c44cd2e000 JavaThread "Execution worker for ':'" [_thread_blocked, id=1740, stack(0x000000c456870000,0x000000c456970000)]
  0x000000c44cd36000 JavaThread "Execution worker for ':' Thread 2" [_thread_blocked, id=8872, stack(0x000000c456e50000,0x000000c456f50000)]
  0x000000c44cd33800 JavaThread "Execution worker for ':' Thread 3" [_thread_blocked, id=9108, stack(0x000000c45a2a0000,0x000000c45a3a0000)]
  0x000000c44cd37000 JavaThread "Cache worker for execution history cache (D:\PC\Nueva carpeta (2)\GitHub\Reactivate_Movil_AndroidStudio\.gradle\7.0.2\executionHistory)" [_thread_blocked, id=8784, stack(0x000000c45a3a0000,0x000000c45a4a0000)]
  0x000000c44cd34800 JavaThread "WorkerExecutor Queue" [_thread_in_native, id=7584, stack(0x000000c45afe0000,0x000000c45b0e0000)]
  0x000000c44a3dd800 JavaThread "pool-43-thread-1" [_thread_blocked, id=5372, stack(0x000000c45a900000,0x000000c45aa00000)]
  0x000000c44a3e3000 JavaThread "stderr" [_thread_in_native, id=3908, stack(0x000000c45aec0000,0x000000c45afc0000)]
  0x000000c44a3e4000 JavaThread "stdout" [_thread_in_native, id=7896, stack(0x000000c45b0e0000,0x000000c45b1e0000)]
  0x000000c44a3e1800 JavaThread "WorkerExecutor Queue Thread 2" [_thread_blocked, id=6560, stack(0x000000c45b1e0000,0x000000c45b2e0000)]
  0x000000c45127a800 JavaThread "WorkerExecutor Queue Thread 3" [_thread_blocked, id=8708, stack(0x000000c45b4c0000,0x000000c45b5c0000)]
  0x000000c451278000 JavaThread "WorkerExecutor Queue Thread 4" [_thread_blocked, id=7800, stack(0x000000c45ba80000,0x000000c45bb80000)]

Other Threads:
  0x000000c447d55000 VMThread "VM Thread" [stack: 0x000000c448150000,0x000000c448250000] [id=6672]
  0x000000c447f43000 WatcherThread [stack: 0x000000c448e80000,0x000000c448f80000] [id=7128]
  0x000000c42d470800 GCTaskThread "GC Thread#0" [stack: 0x000000c42ce10000,0x000000c42cf10000] [id=5936]
  0x000000c449036800 GCTaskThread "GC Thread#1" [stack: 0x000000c44a850000,0x000000c44a950000] [id=5808]
  0x000000c44a3ed800 GCTaskThread "GC Thread#2" [stack: 0x000000c44e380000,0x000000c44e480000] [id=4588]
  0x000000c44a3f1000 GCTaskThread "GC Thread#3" [stack: 0x000000c44e480000,0x000000c44e580000] [id=7828]
  0x000000c42d4a3800 ConcurrentGCThread "G1 Main Marker" [stack: 0x000000c444b10000,0x000000c444c10000] [id=7588]
  0x000000c42d4a5000 ConcurrentGCThread "G1 Conc#0" [stack: 0x000000c444c10000,0x000000c444d10000] [id=7644]
  0x000000c44718c800 ConcurrentGCThread "G1 Refine#0" [stack: 0x000000c447350000,0x000000c447450000] [id=9044]
  0x000000c44b4cb000 ConcurrentGCThread "G1 Refine#1" [stack: 0x000000c458090000,0x000000c458190000] [id=1836]
  0x000000c44cd58000 ConcurrentGCThread "G1 Refine#2" [stack: 0x000000c458190000,0x000000c458290000] [id=5256]
  0x000000c4515e6800 ConcurrentGCThread "G1 Refine#3" [stack: 0x000000c458290000,0x000000c458390000] [id=8992]
  0x000000c44718d800 ConcurrentGCThread "G1 Young RemSet Sampling" [stack: 0x000000c447450000,0x000000c447550000] [id=9188]

Threads with active compile tasks:
C2 CompilerThread03920719 31510 % !   4       com.android.tools.r8.dex.m::c @ 489 (2765 bytes)

VM state:not at safepoint (normal execution)

VM Mutex/Monitor currently owned by a thread: None

Heap address: 0x0000000080000000, size: 2048 MB, Compressed Oops mode: 32-bit
Narrow klass base: 0x0000000000000000, Narrow klass shift: 3
Compressed class space size: 1073741824 Address: 0x0000000100000000

Heap:
 garbage-first heap   total 337920K, used 212164K [0x0000000080000000, 0x0000000100000000)
  region size 1024K, 15 young (15360K), 1 survivors (1024K)
 Metaspace       used 144972K, capacity 149177K, committed 152704K, reserved 1181696K
  class space    used 17654K, capacity 19188K, committed 19840K, reserved 1048576K
Heap Regions: E=young(eden), S=young(survivor), O=old, HS=humongous(starts), HC=humongous(continues), CS=collection set, F=free, A=archive, TAMS=top-at-mark-start (previous, next)
|   0|0x0000000080000000, 0x0000000080100000, 0x0000000080100000|100%|HS|  |TAMS 0x0000000080100000, 0x0000000080000000| Complete 
|   1|0x0000000080100000, 0x0000000080200000, 0x0000000080200000|100%|HC|  |TAMS 0x0000000080200000, 0x0000000080100000| Complete 
|   2|0x0000000080200000, 0x0000000080300000, 0x0000000080300000|100%|HC|  |TAMS 0x0000000080300000, 0x0000000080200000| Complete 
|   3|0x0000000080300000, 0x0000000080400000, 0x0000000080400000|100%| O|  |TAMS 0x0000000080400000, 0x0000000080300000| Untracked 
|   4|0x0000000080400000, 0x0000000080500000, 0x0000000080500000|100%| O|  |TAMS 0x0000000080500000, 0x0000000080400000| Untracked 
|   5|0x0000000080500000, 0x0000000080600000, 0x0000000080600000|100%| O|  |TAMS 0x0000000080600000, 0x0000000080500000| Untracked 
|   6|0x0000000080600000, 0x0000000080700000, 0x0000000080700000|100%| O|  |TAMS 0x0000000080700000, 0x0000000080600000| Untracked 
|   7|0x0000000080700000, 0x0000000080800000, 0x0000000080800000|100%| O|  |TAMS 0x0000000080800000, 0x0000000080700000| Untracked 
|   8|0x0000000080800000, 0x0000000080900000, 0x0000000080900000|100%| O|  |TAMS 0x0000000080900000, 0x0000000080800000| Untracked 
|   9|0x0000000080900000, 0x0000000080a00000, 0x0000000080a00000|100%| O|  |TAMS 0x0000000080a00000, 0x0000000080900000| Untracked 
|  10|0x0000000080a00000, 0x0000000080b00000, 0x0000000080b00000|100%| O|  |TAMS 0x0000000080b00000, 0x0000000080a00000| Untracked 
|  11|0x0000000080b00000, 0x0000000080c00000, 0x0000000080c00000|100%| O|  |TAMS 0x0000000080c00000, 0x0000000080b00000| Untracked 
|  12|0x0000000080c00000, 0x0000000080d00000, 0x0000000080d00000|100%| O|  |TAMS 0x0000000080d00000, 0x0000000080c00000| Untracked 
|  13|0x0000000080d00000, 0x0000000080e00000, 0x0000000080e00000|100%| O|  |TAMS 0x0000000080e00000, 0x0000000080d00000| Untracked 
|  14|0x0000000080e00000, 0x0000000080f00000, 0x0000000080f00000|100%| O|  |TAMS 0x0000000080f00000, 0x0000000080e00000| Untracked 
|  15|0x0000000080f00000, 0x0000000081000000, 0x0000000081000000|100%| O|  |TAMS 0x0000000081000000, 0x0000000080f00000| Untracked 
|  16|0x0000000081000000, 0x0000000081100000, 0x0000000081100000|100%|HS|  |TAMS 0x0000000081100000, 0x0000000081000000| Complete 
|  17|0x0000000081100000, 0x0000000081200000, 0x0000000081200000|100%| O|  |TAMS 0x0000000081200000, 0x0000000081100000| Untracked 
|  18|0x0000000081200000, 0x0000000081300000, 0x0000000081300000|100%| O|  |TAMS 0x0000000081300000, 0x0000000081200000| Untracked 
|  19|0x0000000081300000, 0x0000000081400000, 0x0000000081400000|100%| O|  |TAMS 0x0000000081400000, 0x0000000081300000| Untracked 
|  20|0x0000000081400000, 0x0000000081500000, 0x0000000081500000|100%| O|  |TAMS 0x0000000081500000, 0x0000000081400000| Untracked 
|  21|0x0000000081500000, 0x0000000081600000, 0x0000000081600000|100%| O|  |TAMS 0x0000000081600000, 0x0000000081500000| Untracked 
|  22|0x0000000081600000, 0x0000000081700000, 0x0000000081700000|100%| O|  |TAMS 0x0000000081700000, 0x0000000081600000| Untracked 
|  23|0x0000000081700000, 0x0000000081800000, 0x0000000081800000|100%|HS|  |TAMS 0x0000000081800000, 0x0000000081700000| Complete 
|  24|0x0000000081800000, 0x0000000081900000, 0x0000000081900000|100%|HS|  |TAMS 0x0000000081900000, 0x0000000081800000| Complete 
|  25|0x0000000081900000, 0x0000000081a00000, 0x0000000081a00000|100%|HC|  |TAMS 0x0000000081a00000, 0x0000000081900000| Complete 
|  26|0x0000000081a00000, 0x0000000081b00000, 0x0000000081b00000|100%| O|  |TAMS 0x0000000081b00000, 0x0000000081a00000| Untracked 
|  27|0x0000000081b00000, 0x0000000081c00000, 0x0000000081c00000|100%| O|  |TAMS 0x0000000081c00000, 0x0000000081b00000| Untracked 
|  28|0x0000000081c00000, 0x0000000081d00000, 0x0000000081d00000|100%| O|  |TAMS 0x0000000081d00000, 0x0000000081c00000| Untracked 
|  29|0x0000000081d00000, 0x0000000081e00000, 0x0000000081e00000|100%| O|  |TAMS 0x0000000081e00000, 0x0000000081d00000| Untracked 
|  30|0x0000000081e00000, 0x0000000081f00000, 0x0000000081f00000|100%| O|  |TAMS 0x0000000081f00000, 0x0000000081e00000| Untracked 
|  31|0x0000000081f00000, 0x0000000082000000, 0x0000000082000000|100%| O|  |TAMS 0x0000000082000000, 0x0000000081f00000| Untracked 
|  32|0x0000000082000000, 0x0000000082100000, 0x0000000082100000|100%| O|  |TAMS 0x0000000082100000, 0x0000000082000000| Untracked 
|  33|0x0000000082100000, 0x0000000082200000, 0x0000000082200000|100%| O|  |TAMS 0x0000000082200000, 0x0000000082100000| Untracked 
|  34|0x0000000082200000, 0x0000000082300000, 0x0000000082300000|100%| O|  |TAMS 0x0000000082300000, 0x0000000082200000| Untracked 
|  35|0x0000000082300000, 0x0000000082400000, 0x0000000082400000|100%| O|  |TAMS 0x0000000082400000, 0x0000000082300000| Untracked 
|  36|0x0000000082400000, 0x0000000082500000, 0x0000000082500000|100%| O|  |TAMS 0x0000000082500000, 0x0000000082400000| Untracked 
|  37|0x0000000082500000, 0x0000000082600000, 0x0000000082600000|100%| O|  |TAMS 0x0000000082600000, 0x0000000082500000| Untracked 
|  38|0x0000000082600000, 0x0000000082700000, 0x0000000082700000|100%| O|  |TAMS 0x0000000082700000, 0x0000000082600000| Untracked 
|  39|0x0000000082700000, 0x0000000082800000, 0x0000000082800000|100%| O|  |TAMS 0x0000000082800000, 0x0000000082700000| Untracked 
|  40|0x0000000082800000, 0x0000000082900000, 0x0000000082900000|100%| O|  |TAMS 0x0000000082900000, 0x0000000082800000| Untracked 
|  41|0x0000000082900000, 0x0000000082a00000, 0x0000000082a00000|100%| O|  |TAMS 0x0000000082a00000, 0x0000000082900000| Untracked 
|  42|0x0000000082a00000, 0x0000000082b00000, 0x0000000082b00000|100%| O|  |TAMS 0x0000000082b00000, 0x0000000082a00000| Untracked 
|  43|0x0000000082b00000, 0x0000000082c00000, 0x0000000082c00000|100%| O|  |TAMS 0x0000000082c00000, 0x0000000082b00000| Untracked 
|  44|0x0000000082c00000, 0x0000000082d00000, 0x0000000082d00000|100%| O|  |TAMS 0x0000000082d00000, 0x0000000082c00000| Untracked 
|  45|0x0000000082d00000, 0x0000000082e00000, 0x0000000082e00000|100%| O|  |TAMS 0x0000000082e00000, 0x0000000082d00000| Untracked 
|  46|0x0000000082e00000, 0x0000000082f00000, 0x0000000082f00000|100%| O|  |TAMS 0x0000000082f00000, 0x0000000082e00000| Untracked 
|  47|0x0000000082f00000, 0x0000000083000000, 0x0000000083000000|100%| O|  |TAMS 0x0000000082f00000, 0x0000000082f00000| Untracked 
|  48|0x0000000083000000, 0x0000000083100000, 0x0000000083100000|100%|HS|  |TAMS 0x0000000083000000, 0x0000000083000000| Complete 
|  49|0x0000000083100000, 0x0000000083200000, 0x0000000083200000|100%| O|  |TAMS 0x0000000083200000, 0x0000000083100000| Untracked 
|  50|0x0000000083200000, 0x0000000083300000, 0x0000000083300000|100%| O|  |TAMS 0x0000000083300000, 0x0000000083200000| Untracked 
|  51|0x0000000083300000, 0x0000000083400000, 0x0000000083400000|100%| O|  |TAMS 0x0000000083400000, 0x0000000083300000| Untracked 
|  52|0x0000000083400000, 0x0000000083500000, 0x0000000083500000|100%| O|  |TAMS 0x0000000083500000, 0x0000000083400000| Untracked 
|  53|0x0000000083500000, 0x0000000083600000, 0x0000000083600000|100%| O|  |TAMS 0x0000000083600000, 0x0000000083500000| Untracked 
|  54|0x0000000083600000, 0x0000000083700000, 0x0000000083700000|100%| O|  |TAMS 0x0000000083700000, 0x0000000083600000| Untracked 
|  55|0x0000000083700000, 0x0000000083800000, 0x0000000083800000|100%| O|  |TAMS 0x0000000083800000, 0x0000000083700000| Untracked 
|  56|0x0000000083800000, 0x0000000083900000, 0x0000000083900000|100%| O|  |TAMS 0x0000000083900000, 0x0000000083800000| Untracked 
|  57|0x0000000083900000, 0x0000000083a00000, 0x0000000083a00000|100%|HS|  |TAMS 0x0000000083a00000, 0x0000000083900000| Complete 
|  58|0x0000000083a00000, 0x0000000083b00000, 0x0000000083b00000|100%|HC|  |TAMS 0x0000000083b00000, 0x0000000083a00000| Complete 
|  59|0x0000000083b00000, 0x0000000083c00000, 0x0000000083c00000|100%| O|  |TAMS 0x0000000083c00000, 0x0000000083b00000| Untracked 
|  60|0x0000000083c00000, 0x0000000083d00000, 0x0000000083d00000|100%| O|  |TAMS 0x0000000083d00000, 0x0000000083c00000| Untracked 
|  61|0x0000000083d00000, 0x0000000083e00000, 0x0000000083e00000|100%| O|  |TAMS 0x0000000083e00000, 0x0000000083d00000| Untracked 
|  62|0x0000000083e00000, 0x0000000083f00000, 0x0000000083f00000|100%| O|  |TAMS 0x0000000083f00000, 0x0000000083e00000| Untracked 
|  63|0x0000000083f00000, 0x0000000084000000, 0x0000000084000000|100%| O|  |TAMS 0x0000000084000000, 0x0000000083f00000| Untracked 
|  64|0x0000000084000000, 0x0000000084100000, 0x0000000084100000|100%| O|  |TAMS 0x0000000084100000, 0x0000000084000000| Untracked 
|  65|0x0000000084100000, 0x0000000084200000, 0x0000000084200000|100%| O|  |TAMS 0x0000000084100000, 0x0000000084100000| Untracked 
|  66|0x0000000084200000, 0x0000000084300000, 0x0000000084300000|100%| O|  |TAMS 0x0000000084200000, 0x0000000084200000| Untracked 
|  67|0x0000000084300000, 0x0000000084400000, 0x0000000084400000|100%| O|  |TAMS 0x0000000084300000, 0x0000000084300000| Untracked 
|  68|0x0000000084400000, 0x0000000084500000, 0x0000000084500000|100%| O|  |TAMS 0x0000000084500000, 0x0000000084400000| Untracked 
|  69|0x0000000084500000, 0x0000000084600000, 0x0000000084600000|100%| O|  |TAMS 0x0000000084600000, 0x0000000084500000| Untracked 
|  70|0x0000000084600000, 0x0000000084700000, 0x0000000084700000|100%| O|  |TAMS 0x0000000084600000, 0x0000000084600000| Untracked 
|  71|0x0000000084700000, 0x0000000084800000, 0x0000000084800000|100%| O|  |TAMS 0x0000000084700000, 0x0000000084700000| Untracked 
|  72|0x0000000084800000, 0x0000000084900000, 0x0000000084900000|100%| O|  |TAMS 0x0000000084800000, 0x0000000084800000| Untracked 
|  73|0x0000000084900000, 0x0000000084a00000, 0x0000000084a00000|100%| O|  |TAMS 0x0000000084900000, 0x0000000084900000| Untracked 
|  74|0x0000000084a00000, 0x0000000084b00000, 0x0000000084b00000|100%| O|  |TAMS 0x0000000084a00000, 0x0000000084a00000| Untracked 
|  75|0x0000000084b00000, 0x0000000084b00000, 0x0000000084c00000|  0%| F|  |TAMS 0x0000000084b00000, 0x0000000084b00000| Untracked 
|  76|0x0000000084c00000, 0x0000000084d00000, 0x0000000084d00000|100%| O|  |TAMS 0x0000000084d00000, 0x0000000084c00000| Untracked 
|  77|0x0000000084d00000, 0x0000000084e00000, 0x0000000084e00000|100%| O|  |TAMS 0x0000000084e00000, 0x0000000084d00000| Untracked 
|  78|0x0000000084e00000, 0x0000000084f00000, 0x0000000084f00000|100%| O|  |TAMS 0x0000000084e00000, 0x0000000084e00000| Untracked 
|  79|0x0000000084f00000, 0x0000000085000000, 0x0000000085000000|100%| O|  |TAMS 0x0000000084f00000, 0x0000000084f00000| Untracked 
|  80|0x0000000085000000, 0x0000000085100000, 0x0000000085100000|100%| O|  |TAMS 0x0000000085100000, 0x0000000085000000| Untracked 
|  81|0x0000000085100000, 0x0000000085200000, 0x0000000085200000|100%| O|  |TAMS 0x0000000085200000, 0x0000000085100000| Untracked 
|  82|0x0000000085200000, 0x0000000085300000, 0x0000000085300000|100%| O|  |TAMS 0x0000000085200000, 0x0000000085200000| Untracked 
|  83|0x0000000085300000, 0x0000000085300000, 0x0000000085400000|  0%| F|  |TAMS 0x0000000085300000, 0x0000000085300000| Untracked 
|  84|0x0000000085400000, 0x0000000085500000, 0x0000000085500000|100%|HS|  |TAMS 0x0000000085500000, 0x0000000085400000| Complete 
|  85|0x0000000085500000, 0x0000000085600000, 0x0000000085600000|100%|HC|  |TAMS 0x0000000085600000, 0x0000000085500000| Complete 
|  86|0x0000000085600000, 0x0000000085700000, 0x0000000085700000|100%|HC|  |TAMS 0x0000000085700000, 0x0000000085600000| Complete 
|  87|0x0000000085700000, 0x0000000085700000, 0x0000000085800000|  0%| F|  |TAMS 0x0000000085700000, 0x0000000085700000| Untracked 
|  88|0x0000000085800000, 0x0000000085900000, 0x0000000085900000|100%| O|  |TAMS 0x0000000085800000, 0x0000000085800000| Untracked 
|  89|0x0000000085900000, 0x0000000085a00000, 0x0000000085a00000|100%| O|  |TAMS 0x0000000085900000, 0x0000000085900000| Untracked 
|  90|0x0000000085a00000, 0x0000000085b00000, 0x0000000085b00000|100%| O|  |TAMS 0x0000000085b00000, 0x0000000085a00000| Untracked 
|  91|0x0000000085b00000, 0x0000000085b00000, 0x0000000085c00000|  0%| F|  |TAMS 0x0000000085b00000, 0x0000000085b00000| Untracked 
|  92|0x0000000085c00000, 0x0000000085d00000, 0x0000000085d00000|100%| O|  |TAMS 0x0000000085c00000, 0x0000000085c00000| Untracked 
|  93|0x0000000085d00000, 0x0000000085e00000, 0x0000000085e00000|100%| O|  |TAMS 0x0000000085d00000, 0x0000000085d00000| Untracked 
|  94|0x0000000085e00000, 0x0000000085e00000, 0x0000000085f00000|  0%| F|  |TAMS 0x0000000085e00000, 0x0000000085e00000| Untracked 
|  95|0x0000000085f00000, 0x0000000085f00000, 0x0000000086000000|  0%| F|  |TAMS 0x0000000085f00000, 0x0000000085f00000| Untracked 
|  96|0x0000000086000000, 0x0000000086000000, 0x0000000086100000|  0%| F|  |TAMS 0x0000000086000000, 0x0000000086000000| Untracked 
|  97|0x0000000086100000, 0x0000000086200000, 0x0000000086200000|100%| O|  |TAMS 0x0000000086100000, 0x0000000086100000| Untracked 
|  98|0x0000000086200000, 0x0000000086200000, 0x0000000086300000|  0%| F|  |TAMS 0x0000000086200000, 0x0000000086200000| Untracked 
|  99|0x0000000086300000, 0x0000000086400000, 0x0000000086400000|100%|HS|  |TAMS 0x0000000086300000, 0x0000000086300000| Complete 
| 100|0x0000000086400000, 0x0000000086500000, 0x0000000086500000|100%|HS|  |TAMS 0x0000000086400000, 0x0000000086400000| Complete 
| 101|0x0000000086500000, 0x0000000086600000, 0x0000000086600000|100%|HS|  |TAMS 0x0000000086500000, 0x0000000086500000| Complete 
| 102|0x0000000086600000, 0x0000000086600000, 0x0000000086700000|  0%| F|  |TAMS 0x0000000086600000, 0x0000000086600000| Untracked 
| 103|0x0000000086700000, 0x0000000086700000, 0x0000000086800000|  0%| F|  |TAMS 0x0000000086700000, 0x0000000086700000| Untracked 
| 104|0x0000000086800000, 0x0000000086900000, 0x0000000086900000|100%| O|  |TAMS 0x0000000086900000, 0x0000000086800000| Untracked 
| 105|0x0000000086900000, 0x0000000086900000, 0x0000000086a00000|  0%| F|  |TAMS 0x0000000086900000, 0x0000000086900000| Untracked 
| 106|0x0000000086a00000, 0x0000000086b00000, 0x0000000086b00000|100%| O|  |TAMS 0x0000000086b00000, 0x0000000086a00000| Untracked 
| 107|0x0000000086b00000, 0x0000000086b00000, 0x0000000086c00000|  0%| F|  |TAMS 0x0000000086b00000, 0x0000000086b00000| Untracked 
| 108|0x0000000086c00000, 0x0000000086c00000, 0x0000000086d00000|  0%| F|  |TAMS 0x0000000086c00000, 0x0000000086c00000| Untracked 
| 109|0x0000000086d00000, 0x0000000086d00000, 0x0000000086e00000|  0%| F|  |TAMS 0x0000000086d00000, 0x0000000086d00000| Untracked 
| 110|0x0000000086e00000, 0x0000000086f00000, 0x0000000086f00000|100%| O|  |TAMS 0x0000000086e00000, 0x0000000086e00000| Untracked 
| 111|0x0000000086f00000, 0x0000000087000000, 0x0000000087000000|100%| O|  |TAMS 0x0000000087000000, 0x0000000086f00000| Untracked 
| 112|0x0000000087000000, 0x0000000087000000, 0x0000000087100000|  0%| F|  |TAMS 0x0000000087000000, 0x0000000087000000| Untracked 
| 113|0x0000000087100000, 0x0000000087100000, 0x0000000087200000|  0%| F|  |TAMS 0x0000000087100000, 0x0000000087100000| Untracked 
| 114|0x0000000087200000, 0x0000000087200000, 0x0000000087300000|  0%| F|  |TAMS 0x0000000087200000, 0x0000000087200000| Untracked 
| 115|0x0000000087300000, 0x0000000087400000, 0x0000000087400000|100%|HS|  |TAMS 0x0000000087300000, 0x0000000087300000| Complete 
| 116|0x0000000087400000, 0x0000000087500000, 0x0000000087500000|100%|HS|  |TAMS 0x0000000087400000, 0x0000000087400000| Complete 
| 117|0x0000000087500000, 0x0000000087600000, 0x0000000087600000|100%|HS|  |TAMS 0x0000000087600000, 0x0000000087500000| Complete 
| 118|0x0000000087600000, 0x0000000087700000, 0x0000000087700000|100%|HC|  |TAMS 0x0000000087700000, 0x0000000087600000| Complete 
| 119|0x0000000087700000, 0x0000000087800000, 0x0000000087800000|100%|HC|  |TAMS 0x0000000087800000, 0x0000000087700000| Complete 
| 120|0x0000000087800000, 0x0000000087900000, 0x0000000087900000|100%|HC|  |TAMS 0x0000000087900000, 0x0000000087800000| Complete 
| 121|0x0000000087900000, 0x0000000087a00000, 0x0000000087a00000|100%|HC|  |TAMS 0x0000000087a00000, 0x0000000087900000| Complete 
| 122|0x0000000087a00000, 0x0000000087b00000, 0x0000000087b00000|100%|HS|  |TAMS 0x0000000087a00000, 0x0000000087a00000| Complete 
| 123|0x0000000087b00000, 0x0000000087c00000, 0x0000000087c00000|100%| O|  |TAMS 0x0000000087b00000, 0x0000000087b00000| Untracked 
| 124|0x0000000087c00000, 0x0000000087d00000, 0x0000000087d00000|100%| O|  |TAMS 0x0000000087c00000, 0x0000000087c00000| Untracked 
| 125|0x0000000087d00000, 0x0000000087e00000, 0x0000000087e00000|100%| O|  |TAMS 0x0000000087d00000, 0x0000000087d00000| Untracked 
| 126|0x0000000087e00000, 0x0000000087f00000, 0x0000000087f00000|100%| O|  |TAMS 0x0000000087e00000, 0x0000000087e00000| Untracked 
| 127|0x0000000087f00000, 0x0000000087f00000, 0x0000000088000000|  0%| F|  |TAMS 0x0000000087f00000, 0x0000000087f00000| Untracked 
| 128|0x0000000088000000, 0x0000000088100000, 0x0000000088100000|100%| O|  |TAMS 0x0000000088000000, 0x0000000088000000| Untracked 
| 129|0x0000000088100000, 0x0000000088200000, 0x0000000088200000|100%|HS|  |TAMS 0x0000000088200000, 0x0000000088100000| Complete 
| 130|0x0000000088200000, 0x0000000088300000, 0x0000000088300000|100%|HC|  |TAMS 0x0000000088300000, 0x0000000088200000| Complete 
| 131|0x0000000088300000, 0x0000000088300000, 0x0000000088400000|  0%| F|  |TAMS 0x0000000088300000, 0x0000000088300000| Untracked 
| 132|0x0000000088400000, 0x0000000088500000, 0x0000000088500000|100%| O|  |TAMS 0x0000000088400000, 0x0000000088400000| Untracked 
| 133|0x0000000088500000, 0x0000000088500000, 0x0000000088600000|  0%| F|  |TAMS 0x0000000088500000, 0x0000000088500000| Untracked 
| 134|0x0000000088600000, 0x0000000088700000, 0x0000000088700000|100%| O|  |TAMS 0x0000000088700000, 0x0000000088600000| Untracked 
| 135|0x0000000088700000, 0x0000000088700000, 0x0000000088800000|  0%| F|  |TAMS 0x0000000088700000, 0x0000000088700000| Untracked 
| 136|0x0000000088800000, 0x0000000088900000, 0x0000000088900000|100%| O|  |TAMS 0x0000000088900000, 0x0000000088800000| Untracked 
| 137|0x0000000088900000, 0x0000000088a00000, 0x0000000088a00000|100%| O|  |TAMS 0x0000000088a00000, 0x0000000088900000| Untracked 
| 138|0x0000000088a00000, 0x0000000088a00000, 0x0000000088b00000|  0%| F|  |TAMS 0x0000000088a00000, 0x0000000088a00000| Untracked 
| 139|0x0000000088b00000, 0x0000000088b00000, 0x0000000088c00000|  0%| F|  |TAMS 0x0000000088b00000, 0x0000000088b00000| Untracked 
| 140|0x0000000088c00000, 0x0000000088c00000, 0x0000000088d00000|  0%| F|  |TAMS 0x0000000088c00000, 0x0000000088c00000| Untracked 
| 141|0x0000000088d00000, 0x0000000088d00000, 0x0000000088e00000|  0%| F|  |TAMS 0x0000000088d00000, 0x0000000088d00000| Untracked 
| 142|0x0000000088e00000, 0x0000000088f00000, 0x0000000088f00000|100%| O|  |TAMS 0x0000000088e00000, 0x0000000088e00000| Untracked 
| 143|0x0000000088f00000, 0x0000000088f00000, 0x0000000089000000|  0%| F|  |TAMS 0x0000000088f00000, 0x0000000088f00000| Untracked 
| 144|0x0000000089000000, 0x0000000089100000, 0x0000000089100000|100%| O|  |TAMS 0x0000000089000000, 0x0000000089000000| Untracked 
| 145|0x0000000089100000, 0x0000000089200000, 0x0000000089200000|100%| O|  |TAMS 0x0000000089100000, 0x0000000089100000| Untracked 
| 146|0x0000000089200000, 0x0000000089200000, 0x0000000089300000|  0%| F|  |TAMS 0x0000000089200000, 0x0000000089200000| Untracked 
| 147|0x0000000089300000, 0x0000000089400000, 0x0000000089400000|100%| O|  |TAMS 0x0000000089300000, 0x0000000089300000| Untracked 
| 148|0x0000000089400000, 0x0000000089500000, 0x0000000089500000|100%| O|  |TAMS 0x0000000089400000, 0x0000000089400000| Untracked 
| 149|0x0000000089500000, 0x0000000089600000, 0x0000000089600000|100%| O|  |TAMS 0x0000000089500000, 0x0000000089500000| Untracked 
| 150|0x0000000089600000, 0x0000000089700000, 0x0000000089700000|100%| O|  |TAMS 0x0000000089600000, 0x0000000089600000| Untracked 
| 151|0x0000000089700000, 0x0000000089800000, 0x0000000089800000|100%|HS|  |TAMS 0x0000000089700000, 0x0000000089700000| Complete 
| 152|0x0000000089800000, 0x0000000089900000, 0x0000000089900000|100%|HC|  |TAMS 0x0000000089800000, 0x0000000089800000| Complete 
| 153|0x0000000089900000, 0x0000000089a00000, 0x0000000089a00000|100%|HC|  |TAMS 0x0000000089900000, 0x0000000089900000| Complete 
| 154|0x0000000089a00000, 0x0000000089b00000, 0x0000000089b00000|100%|HC|  |TAMS 0x0000000089a00000, 0x0000000089a00000| Complete 
| 155|0x0000000089b00000, 0x0000000089c00000, 0x0000000089c00000|100%|HC|  |TAMS 0x0000000089b00000, 0x0000000089b00000| Complete 
| 156|0x0000000089c00000, 0x0000000089d00000, 0x0000000089d00000|100%|HC|  |TAMS 0x0000000089c00000, 0x0000000089c00000| Complete 
| 157|0x0000000089d00000, 0x0000000089d00000, 0x0000000089e00000|  0%| F|  |TAMS 0x0000000089d00000, 0x0000000089d00000| Untracked 
| 158|0x0000000089e00000, 0x0000000089e00000, 0x0000000089f00000|  0%| F|  |TAMS 0x0000000089e00000, 0x0000000089e00000| Untracked 
| 159|0x0000000089f00000, 0x0000000089f00000, 0x000000008a000000|  0%| F|  |TAMS 0x0000000089f00000, 0x0000000089f00000| Untracked 
| 160|0x000000008a000000, 0x000000008a000000, 0x000000008a100000|  0%| F|  |TAMS 0x000000008a000000, 0x000000008a000000| Untracked 
| 161|0x000000008a100000, 0x000000008a100000, 0x000000008a200000|  0%| F|  |TAMS 0x000000008a100000, 0x000000008a100000| Untracked 
| 162|0x000000008a200000, 0x000000008a200000, 0x000000008a300000|  0%| F|  |TAMS 0x000000008a200000, 0x000000008a200000| Untracked 
| 163|0x000000008a300000, 0x000000008a300000, 0x000000008a400000|  0%| F|  |TAMS 0x000000008a300000, 0x000000008a300000| Untracked 
| 164|0x000000008a400000, 0x000000008a400000, 0x000000008a500000|  0%| F|  |TAMS 0x000000008a400000, 0x000000008a400000| Untracked 
| 165|0x000000008a500000, 0x000000008a500000, 0x000000008a600000|  0%| F|  |TAMS 0x000000008a500000, 0x000000008a500000| Untracked 
| 166|0x000000008a600000, 0x000000008a600000, 0x000000008a700000|  0%| F|  |TAMS 0x000000008a600000, 0x000000008a600000| Untracked 
| 167|0x000000008a700000, 0x000000008a700000, 0x000000008a800000|  0%| F|  |TAMS 0x000000008a700000, 0x000000008a700000| Untracked 
| 168|0x000000008a800000, 0x000000008a800000, 0x000000008a900000|  0%| F|  |TAMS 0x000000008a800000, 0x000000008a800000| Untracked 
| 169|0x000000008a900000, 0x000000008a900000, 0x000000008aa00000|  0%| F|  |TAMS 0x000000008a900000, 0x000000008a900000| Untracked 
| 170|0x000000008aa00000, 0x000000008aa00000, 0x000000008ab00000|  0%| F|  |TAMS 0x000000008aa00000, 0x000000008aa00000| Untracked 
| 171|0x000000008ab00000, 0x000000008ab00000, 0x000000008ac00000|  0%| F|  |TAMS 0x000000008ab00000, 0x000000008ab00000| Untracked 
| 172|0x000000008ac00000, 0x000000008ac00000, 0x000000008ad00000|  0%| F|  |TAMS 0x000000008ac00000, 0x000000008ac00000| Untracked 
| 173|0x000000008ad00000, 0x000000008ad00000, 0x000000008ae00000|  0%| F|  |TAMS 0x000000008ad00000, 0x000000008ad00000| Untracked 
| 174|0x000000008ae00000, 0x000000008ae00000, 0x000000008af00000|  0%| F|  |TAMS 0x000000008ae00000, 0x000000008ae00000| Untracked 
| 175|0x000000008af00000, 0x000000008af00000, 0x000000008b000000|  0%| F|  |TAMS 0x000000008af00000, 0x000000008af00000| Untracked 
| 176|0x000000008b000000, 0x000000008b000000, 0x000000008b100000|  0%| F|  |TAMS 0x000000008b000000, 0x000000008b000000| Untracked 
| 177|0x000000008b100000, 0x000000008b100000, 0x000000008b200000|  0%| F|  |TAMS 0x000000008b100000, 0x000000008b100000| Untracked 
| 178|0x000000008b200000, 0x000000008b200000, 0x000000008b300000|  0%| F|  |TAMS 0x000000008b200000, 0x000000008b200000| Untracked 
| 179|0x000000008b300000, 0x000000008b300000, 0x000000008b400000|  0%| F|  |TAMS 0x000000008b300000, 0x000000008b300000| Untracked 
| 180|0x000000008b400000, 0x000000008b400000, 0x000000008b500000|  0%| F|  |TAMS 0x000000008b400000, 0x000000008b400000| Untracked 
| 181|0x000000008b500000, 0x000000008b600000, 0x000000008b600000|100%| O|  |TAMS 0x000000008b600000, 0x000000008b500000| Untracked 
| 182|0x000000008b600000, 0x000000008b600000, 0x000000008b700000|  0%| F|  |TAMS 0x000000008b600000, 0x000000008b600000| Untracked 
| 183|0x000000008b700000, 0x000000008b700000, 0x000000008b800000|  0%| F|  |TAMS 0x000000008b700000, 0x000000008b700000| Untracked 
| 184|0x000000008b800000, 0x000000008b800000, 0x000000008b900000|  0%| F|  |TAMS 0x000000008b800000, 0x000000008b800000| Untracked 
| 185|0x000000008b900000, 0x000000008b900000, 0x000000008ba00000|  0%| F|  |TAMS 0x000000008b900000, 0x000000008b900000| Untracked 
| 186|0x000000008ba00000, 0x000000008ba00000, 0x000000008bb00000|  0%| F|  |TAMS 0x000000008ba00000, 0x000000008ba00000| Untracked 
| 187|0x000000008bb00000, 0x000000008bb00000, 0x000000008bc00000|  0%| F|  |TAMS 0x000000008bb00000, 0x000000008bb00000| Untracked 
| 188|0x000000008bc00000, 0x000000008bc00000, 0x000000008bd00000|  0%| F|  |TAMS 0x000000008bc00000, 0x000000008bc00000| Untracked 
| 189|0x000000008bd00000, 0x000000008bd00000, 0x000000008be00000|  0%| F|  |TAMS 0x000000008bd00000, 0x000000008bd00000| Untracked 
| 190|0x000000008be00000, 0x000000008be00000, 0x000000008bf00000|  0%| F|  |TAMS 0x000000008be00000, 0x000000008be00000| Untracked 
| 191|0x000000008bf00000, 0x000000008bf00000, 0x000000008c000000|  0%| F|  |TAMS 0x000000008bf00000, 0x000000008bf00000| Untracked 
| 192|0x000000008c000000, 0x000000008c000000, 0x000000008c100000|  0%| F|  |TAMS 0x000000008c000000, 0x000000008c000000| Untracked 
| 193|0x000000008c100000, 0x000000008c100000, 0x000000008c200000|  0%| F|  |TAMS 0x000000008c100000, 0x000000008c100000| Untracked 
| 194|0x000000008c200000, 0x000000008c200000, 0x000000008c300000|  0%| F|  |TAMS 0x000000008c200000, 0x000000008c200000| Untracked 
| 195|0x000000008c300000, 0x000000008c300000, 0x000000008c400000|  0%| F|  |TAMS 0x000000008c300000, 0x000000008c300000| Untracked 
| 196|0x000000008c400000, 0x000000008c400000, 0x000000008c500000|  0%| F|  |TAMS 0x000000008c400000, 0x000000008c400000| Untracked 
| 197|0x000000008c500000, 0x000000008c500000, 0x000000008c600000|  0%| F|  |TAMS 0x000000008c500000, 0x000000008c500000| Untracked 
| 198|0x000000008c600000, 0x000000008c600000, 0x000000008c700000|  0%| F|  |TAMS 0x000000008c600000, 0x000000008c600000| Untracked 
| 199|0x000000008c700000, 0x000000008c700000, 0x000000008c800000|  0%| F|  |TAMS 0x000000008c700000, 0x000000008c700000| Untracked 
| 200|0x000000008c800000, 0x000000008c800000, 0x000000008c900000|  0%| F|  |TAMS 0x000000008c800000, 0x000000008c800000| Untracked 
| 201|0x000000008c900000, 0x000000008c900000, 0x000000008ca00000|  0%| F|  |TAMS 0x000000008c900000, 0x000000008c900000| Untracked 
| 202|0x000000008ca00000, 0x000000008ca00000, 0x000000008cb00000|  0%| F|  |TAMS 0x000000008ca00000, 0x000000008ca00000| Untracked 
| 203|0x000000008cb00000, 0x000000008cb00000, 0x000000008cc00000|  0%| F|  |TAMS 0x000000008cb00000, 0x000000008cb00000| Untracked 
| 204|0x000000008cc00000, 0x000000008cc00000, 0x000000008cd00000|  0%| F|  |TAMS 0x000000008cc00000, 0x000000008cc00000| Untracked 
| 205|0x000000008cd00000, 0x000000008cd00000, 0x000000008ce00000|  0%| F|  |TAMS 0x000000008cd00000, 0x000000008cd00000| Untracked 
| 206|0x000000008ce00000, 0x000000008ce00000, 0x000000008cf00000|  0%| F|  |TAMS 0x000000008ce00000, 0x000000008ce00000| Untracked 
| 207|0x000000008cf00000, 0x000000008cf00000, 0x000000008d000000|  0%| F|  |TAMS 0x000000008cf00000, 0x000000008cf00000| Untracked 
| 208|0x000000008d000000, 0x000000008d000000, 0x000000008d100000|  0%| F|  |TAMS 0x000000008d000000, 0x000000008d000000| Untracked 
| 209|0x000000008d100000, 0x000000008d100000, 0x000000008d200000|  0%| F|  |TAMS 0x000000008d100000, 0x000000008d100000| Untracked 
| 210|0x000000008d200000, 0x000000008d200000, 0x000000008d300000|  0%| F|  |TAMS 0x000000008d200000, 0x000000008d200000| Untracked 
| 211|0x000000008d300000, 0x000000008d300000, 0x000000008d400000|  0%| F|  |TAMS 0x000000008d300000, 0x000000008d300000| Untracked 
| 212|0x000000008d400000, 0x000000008d500000, 0x000000008d500000|100%| O|  |TAMS 0x000000008d500000, 0x000000008d400000| Untracked 
| 213|0x000000008d500000, 0x000000008d600000, 0x000000008d600000|100%|HS|  |TAMS 0x000000008d600000, 0x000000008d500000| Complete 
| 214|0x000000008d600000, 0x000000008d700000, 0x000000008d700000|100%|HC|  |TAMS 0x000000008d700000, 0x000000008d600000| Complete 
| 215|0x000000008d700000, 0x000000008d800000, 0x000000008d800000|100%|HS|  |TAMS 0x000000008d800000, 0x000000008d700000| Complete 
| 216|0x000000008d800000, 0x000000008d900000, 0x000000008d900000|100%|HS|  |TAMS 0x000000008d900000, 0x000000008d800000| Complete 
| 217|0x000000008d900000, 0x000000008da00000, 0x000000008da00000|100%|HS|  |TAMS 0x000000008da00000, 0x000000008d900000| Complete 
| 218|0x000000008da00000, 0x000000008db00000, 0x000000008db00000|100%| O|  |TAMS 0x000000008da00000, 0x000000008da00000| Untracked 
| 219|0x000000008db00000, 0x000000008dc00000, 0x000000008dc00000|100%|HS|  |TAMS 0x000000008db00000, 0x000000008db00000| Complete 
| 220|0x000000008dc00000, 0x000000008dd00000, 0x000000008dd00000|100%|HS|  |TAMS 0x000000008dd00000, 0x000000008dc00000| Complete 
| 221|0x000000008dd00000, 0x000000008de00000, 0x000000008de00000|100%|HC|  |TAMS 0x000000008de00000, 0x000000008dd00000| Complete 
| 222|0x000000008de00000, 0x000000008df00000, 0x000000008df00000|100%| O|  |TAMS 0x000000008de00000, 0x000000008de00000| Untracked 
| 223|0x000000008df00000, 0x000000008e000000, 0x000000008e000000|100%|HS|  |TAMS 0x000000008e000000, 0x000000008df00000| Complete 
| 224|0x000000008e000000, 0x000000008e100000, 0x000000008e100000|100%| O|  |TAMS 0x000000008e000000, 0x000000008e000000| Untracked 
| 225|0x000000008e100000, 0x000000008e200000, 0x000000008e200000|100%|HS|  |TAMS 0x000000008e200000, 0x000000008e100000| Complete 
| 226|0x000000008e200000, 0x000000008e300000, 0x000000008e300000|100%| O|  |TAMS 0x000000008e2d7000, 0x000000008e200000| Untracked 
| 227|0x000000008e300000, 0x000000008e400000, 0x000000008e400000|100%| O|  |TAMS 0x000000008e300000, 0x000000008e300000| Untracked 
| 228|0x000000008e400000, 0x000000008e500000, 0x000000008e500000|100%| O|  |TAMS 0x000000008e400000, 0x000000008e400000| Untracked 
| 229|0x000000008e500000, 0x000000008e600000, 0x000000008e600000|100%| O|  |TAMS 0x000000008e500000, 0x000000008e500000| Untracked 
| 230|0x000000008e600000, 0x000000008e700000, 0x000000008e700000|100%| O|  |TAMS 0x000000008e600000, 0x000000008e600000| Untracked 
| 231|0x000000008e700000, 0x000000008e800000, 0x000000008e800000|100%| O|  |TAMS 0x000000008e700000, 0x000000008e700000| Untracked 
| 232|0x000000008e800000, 0x000000008e900000, 0x000000008e900000|100%| O|  |TAMS 0x000000008e800000, 0x000000008e800000| Untracked 
| 233|0x000000008e900000, 0x000000008ea00000, 0x000000008ea00000|100%| O|  |TAMS 0x000000008e900000, 0x000000008e900000| Untracked 
| 234|0x000000008ea00000, 0x000000008eb00000, 0x000000008eb00000|100%| O|  |TAMS 0x000000008ea00000, 0x000000008ea00000| Untracked 
| 235|0x000000008eb00000, 0x000000008ec00000, 0x000000008ec00000|100%| O|  |TAMS 0x000000008eb00000, 0x000000008eb00000| Untracked 
| 236|0x000000008ec00000, 0x000000008ed00000, 0x000000008ed00000|100%| O|  |TAMS 0x000000008ec00000, 0x000000008ec00000| Untracked 
| 237|0x000000008ed00000, 0x000000008ee00000, 0x000000008ee00000|100%| O|  |TAMS 0x000000008ed00000, 0x000000008ed00000| Untracked 
| 238|0x000000008ee00000, 0x000000008ef00000, 0x000000008ef00000|100%| O|  |TAMS 0x000000008ee00000, 0x000000008ee00000| Untracked 
| 239|0x000000008ef00000, 0x000000008f000000, 0x000000008f000000|100%| O|  |TAMS 0x000000008ef00000, 0x000000008ef00000| Untracked 
| 240|0x000000008f000000, 0x000000008f100000, 0x000000008f100000|100%| O|  |TAMS 0x000000008f000000, 0x000000008f000000| Untracked 
| 241|0x000000008f100000, 0x000000008f200000, 0x000000008f200000|100%| O|  |TAMS 0x000000008f100000, 0x000000008f100000| Untracked 
| 242|0x000000008f200000, 0x000000008f300000, 0x000000008f300000|100%| O|  |TAMS 0x000000008f200000, 0x000000008f200000| Untracked 
| 243|0x000000008f300000, 0x000000008f400000, 0x000000008f400000|100%| O|  |TAMS 0x000000008f300000, 0x000000008f300000| Untracked 
| 244|0x000000008f400000, 0x000000008f500000, 0x000000008f500000|100%| O|  |TAMS 0x000000008f400000, 0x000000008f400000| Untracked 
| 245|0x000000008f500000, 0x000000008f600000, 0x000000008f600000|100%| O|  |TAMS 0x000000008f500000, 0x000000008f500000| Untracked 
| 246|0x000000008f600000, 0x000000008f700000, 0x000000008f700000|100%| O|  |TAMS 0x000000008f600000, 0x000000008f600000| Untracked 
| 247|0x000000008f700000, 0x000000008f800000, 0x000000008f800000|100%| O|  |TAMS 0x000000008f700000, 0x000000008f700000| Untracked 
| 248|0x000000008f800000, 0x000000008f900000, 0x000000008f900000|100%| O|  |TAMS 0x000000008f800000, 0x000000008f800000| Untracked 
| 249|0x000000008f900000, 0x000000008fa00000, 0x000000008fa00000|100%| O|  |TAMS 0x000000008f900000, 0x000000008f900000| Untracked 
| 250|0x000000008fa00000, 0x000000008fb00000, 0x000000008fb00000|100%| O|  |TAMS 0x000000008fa00000, 0x000000008fa00000| Untracked 
| 251|0x000000008fb00000, 0x000000008fc00000, 0x000000008fc00000|100%| O|  |TAMS 0x000000008fb00000, 0x000000008fb00000| Untracked 
| 252|0x000000008fc00000, 0x000000008fd00000, 0x000000008fd00000|100%| O|  |TAMS 0x000000008fc00000, 0x000000008fc00000| Untracked 
| 253|0x000000008fd00000, 0x000000008fe00000, 0x000000008fe00000|100%| O|  |TAMS 0x000000008fd00000, 0x000000008fd00000| Untracked 
| 254|0x000000008fe00000, 0x000000008ff00000, 0x000000008ff00000|100%| O|  |TAMS 0x000000008fe00000, 0x000000008fe00000| Untracked 
| 255|0x000000008ff00000, 0x0000000090000000, 0x0000000090000000|100%| O|  |TAMS 0x000000008ff00000, 0x000000008ff00000| Untracked 
| 256|0x0000000090000000, 0x0000000090100000, 0x0000000090100000|100%| O|  |TAMS 0x0000000090000000, 0x0000000090000000| Untracked 
| 257|0x0000000090100000, 0x0000000090200000, 0x0000000090200000|100%| O|  |TAMS 0x0000000090100000, 0x0000000090100000| Untracked 
| 258|0x0000000090200000, 0x0000000090300000, 0x0000000090300000|100%| O|  |TAMS 0x0000000090200000, 0x0000000090200000| Untracked 
| 259|0x0000000090300000, 0x0000000090400000, 0x0000000090400000|100%| O|  |TAMS 0x0000000090300000, 0x0000000090300000| Untracked 
| 260|0x0000000090400000, 0x0000000090500000, 0x0000000090500000|100%| O|  |TAMS 0x0000000090400000, 0x0000000090400000| Untracked 
| 261|0x0000000090500000, 0x0000000090600000, 0x0000000090600000|100%| O|  |TAMS 0x0000000090500000, 0x0000000090500000| Untracked 
| 262|0x0000000090600000, 0x0000000090700000, 0x0000000090700000|100%| O|  |TAMS 0x0000000090600000, 0x0000000090600000| Untracked 
| 263|0x0000000090700000, 0x0000000090800000, 0x0000000090800000|100%| O|  |TAMS 0x0000000090700000, 0x0000000090700000| Untracked 
| 264|0x0000000090800000, 0x0000000090900000, 0x0000000090900000|100%| O|  |TAMS 0x0000000090800000, 0x0000000090800000| Untracked 
| 265|0x0000000090900000, 0x0000000090a00000, 0x0000000090a00000|100%| O|  |TAMS 0x0000000090900000, 0x0000000090900000| Untracked 
| 266|0x0000000090a00000, 0x0000000090b00000, 0x0000000090b00000|100%| O|  |TAMS 0x0000000090a00000, 0x0000000090a00000| Untracked 
| 267|0x0000000090b00000, 0x0000000090c00000, 0x0000000090c00000|100%| O|  |TAMS 0x0000000090b00000, 0x0000000090b00000| Untracked 
| 268|0x0000000090c00000, 0x0000000090d00000, 0x0000000090d00000|100%| O|  |TAMS 0x0000000090c00000, 0x0000000090c00000| Untracked 
| 269|0x0000000090d00000, 0x0000000090e00000, 0x0000000090e00000|100%| O|  |TAMS 0x0000000090d00000, 0x0000000090d00000| Untracked 
| 270|0x0000000090e00000, 0x0000000090f00000, 0x0000000090f00000|100%| O|  |TAMS 0x0000000090e00000, 0x0000000090e00000| Untracked 
| 271|0x0000000090f00000, 0x0000000091000000, 0x0000000091000000|100%| O|  |TAMS 0x0000000090f00000, 0x0000000090f00000| Untracked 
| 272|0x0000000091000000, 0x0000000091100000, 0x0000000091100000|100%| O|  |TAMS 0x0000000091000000, 0x0000000091000000| Untracked 
| 273|0x0000000091100000, 0x0000000091200000, 0x0000000091200000|100%| O|  |TAMS 0x0000000091100000, 0x0000000091100000| Untracked 
| 274|0x0000000091200000, 0x0000000091300000, 0x0000000091300000|100%| O|  |TAMS 0x0000000091200000, 0x0000000091200000| Untracked 
| 275|0x0000000091300000, 0x0000000091400000, 0x0000000091400000|100%| O|  |TAMS 0x0000000091300000, 0x0000000091300000| Untracked 
| 276|0x0000000091400000, 0x0000000091400000, 0x0000000091500000|  0%| F|  |TAMS 0x0000000091400000, 0x0000000091400000| Untracked 
| 277|0x0000000091500000, 0x0000000091500000, 0x0000000091600000|  0%| F|  |TAMS 0x0000000091500000, 0x0000000091500000| Untracked 
| 278|0x0000000091600000, 0x0000000091600000, 0x0000000091700000|  0%| F|  |TAMS 0x0000000091600000, 0x0000000091600000| Untracked 
| 279|0x0000000091700000, 0x0000000091700000, 0x0000000091800000|  0%| F|  |TAMS 0x0000000091700000, 0x0000000091700000| Untracked 
| 280|0x0000000091800000, 0x0000000091800000, 0x0000000091900000|  0%| F|  |TAMS 0x0000000091800000, 0x0000000091800000| Untracked 
| 281|0x0000000091900000, 0x0000000091900000, 0x0000000091a00000|  0%| F|  |TAMS 0x0000000091900000, 0x0000000091900000| Untracked 
| 282|0x0000000091a00000, 0x0000000091a00000, 0x0000000091b00000|  0%| F|  |TAMS 0x0000000091a00000, 0x0000000091a00000| Untracked 
| 283|0x0000000091b00000, 0x0000000091b00000, 0x0000000091c00000|  0%| F|  |TAMS 0x0000000091b00000, 0x0000000091b00000| Untracked 
| 284|0x0000000091c00000, 0x0000000091c00000, 0x0000000091d00000|  0%| F|  |TAMS 0x0000000091c00000, 0x0000000091c00000| Untracked 
| 285|0x0000000091d00000, 0x0000000091d00000, 0x0000000091e00000|  0%| F|  |TAMS 0x0000000091d00000, 0x0000000091d00000| Untracked 
| 286|0x0000000091e00000, 0x0000000091e00000, 0x0000000091f00000|  0%| F|  |TAMS 0x0000000091e00000, 0x0000000091e00000| Untracked 
| 287|0x0000000091f00000, 0x0000000091f00000, 0x0000000092000000|  0%| F|  |TAMS 0x0000000091f00000, 0x0000000091f00000| Untracked 
| 288|0x0000000092000000, 0x0000000092000000, 0x0000000092100000|  0%| F|  |TAMS 0x0000000092000000, 0x0000000092000000| Untracked 
| 289|0x0000000092100000, 0x0000000092100000, 0x0000000092200000|  0%| F|  |TAMS 0x0000000092100000, 0x0000000092100000| Untracked 
| 290|0x0000000092200000, 0x0000000092200000, 0x0000000092300000|  0%| F|  |TAMS 0x0000000092200000, 0x0000000092200000| Untracked 
| 291|0x0000000092300000, 0x0000000092300000, 0x0000000092400000|  0%| F|  |TAMS 0x0000000092300000, 0x0000000092300000| Untracked 
| 292|0x0000000092400000, 0x0000000092400000, 0x0000000092500000|  0%| F|  |TAMS 0x0000000092400000, 0x0000000092400000| Untracked 
| 293|0x0000000092500000, 0x0000000092500000, 0x0000000092600000|  0%| F|  |TAMS 0x0000000092500000, 0x0000000092500000| Untracked 
| 294|0x0000000092600000, 0x0000000092600000, 0x0000000092700000|  0%| F|  |TAMS 0x0000000092600000, 0x0000000092600000| Untracked 
| 295|0x0000000092700000, 0x0000000092700000, 0x0000000092800000|  0%| F|  |TAMS 0x0000000092700000, 0x0000000092700000| Untracked 
| 296|0x0000000092800000, 0x0000000092800000, 0x0000000092900000|  0%| F|  |TAMS 0x0000000092800000, 0x0000000092800000| Untracked 
| 297|0x0000000092900000, 0x0000000092900000, 0x0000000092a00000|  0%| F|  |TAMS 0x0000000092900000, 0x0000000092900000| Untracked 
| 298|0x0000000092a00000, 0x0000000092a00000, 0x0000000092b00000|  0%| F|  |TAMS 0x0000000092a00000, 0x0000000092a00000| Untracked 
| 299|0x0000000092b00000, 0x0000000092b00000, 0x0000000092c00000|  0%| F|  |TAMS 0x0000000092b00000, 0x0000000092b00000| Untracked 
| 300|0x0000000092c00000, 0x0000000092c00000, 0x0000000092d00000|  0%| F|  |TAMS 0x0000000092c00000, 0x0000000092c00000| Untracked 
| 301|0x0000000092d00000, 0x0000000092d00000, 0x0000000092e00000|  0%| F|  |TAMS 0x0000000092d00000, 0x0000000092d00000| Untracked 
| 302|0x0000000092e00000, 0x0000000092e00000, 0x0000000092f00000|  0%| F|  |TAMS 0x0000000092e00000, 0x0000000092e00000| Untracked 
| 303|0x0000000092f00000, 0x0000000092f00000, 0x0000000093000000|  0%| F|  |TAMS 0x0000000092f00000, 0x0000000092f00000| Untracked 
| 304|0x0000000093000000, 0x0000000093000000, 0x0000000093100000|  0%| F|  |TAMS 0x0000000093000000, 0x0000000093000000| Untracked 
| 305|0x0000000093100000, 0x0000000093100000, 0x0000000093200000|  0%| F|  |TAMS 0x0000000093100000, 0x0000000093100000| Untracked 
| 306|0x0000000093200000, 0x0000000093200000, 0x0000000093300000|  0%| F|  |TAMS 0x0000000093200000, 0x0000000093200000| Untracked 
| 307|0x0000000093300000, 0x0000000093300000, 0x0000000093400000|  0%| F|  |TAMS 0x0000000093300000, 0x0000000093300000| Untracked 
| 308|0x0000000093400000, 0x0000000093400000, 0x0000000093500000|  0%| F|  |TAMS 0x0000000093400000, 0x0000000093400000| Untracked 
| 309|0x0000000093500000, 0x0000000093500000, 0x0000000093600000|  0%| F|  |TAMS 0x0000000093500000, 0x0000000093500000| Untracked 
| 310|0x0000000093600000, 0x0000000093600000, 0x0000000093700000|  0%| F|  |TAMS 0x0000000093600000, 0x0000000093600000| Untracked 
| 311|0x0000000093700000, 0x0000000093700000, 0x0000000093800000|  0%| F|  |TAMS 0x0000000093700000, 0x0000000093700000| Untracked 
| 312|0x0000000093800000, 0x0000000093800000, 0x0000000093900000|  0%| F|  |TAMS 0x0000000093800000, 0x0000000093800000| Untracked 
| 313|0x0000000093900000, 0x00000000939313c8, 0x0000000093a00000| 19%| S|CS|TAMS 0x0000000093900000, 0x0000000093900000| Complete 
| 314|0x0000000093a00000, 0x0000000093a00000, 0x0000000093b00000|  0%| F|  |TAMS 0x0000000093a00000, 0x0000000093a00000| Untracked 
| 315|0x0000000093b00000, 0x0000000093b00000, 0x0000000093c00000|  0%| F|  |TAMS 0x0000000093b00000, 0x0000000093b00000| Untracked 
| 316|0x0000000093c00000, 0x0000000093c737b0, 0x0000000093d00000| 45%| E|  |TAMS 0x0000000093c00000, 0x0000000093c00000| Complete 
| 317|0x0000000093d00000, 0x0000000093e00000, 0x0000000093e00000|100%| E|  |TAMS 0x0000000093d00000, 0x0000000093d00000| Complete 
| 318|0x0000000093e00000, 0x0000000093f00000, 0x0000000093f00000|100%| E|CS|TAMS 0x0000000093e00000, 0x0000000093e00000| Complete 
| 319|0x0000000093f00000, 0x0000000094000000, 0x0000000094000000|100%| E|CS|TAMS 0x0000000093f00000, 0x0000000093f00000| Complete 
| 320|0x0000000094000000, 0x0000000094100000, 0x0000000094100000|100%| E|CS|TAMS 0x0000000094000000, 0x0000000094000000| Complete 
| 321|0x0000000094100000, 0x0000000094200000, 0x0000000094200000|100%| E|CS|TAMS 0x0000000094100000, 0x0000000094100000| Complete 
| 322|0x0000000094200000, 0x0000000094300000, 0x0000000094300000|100%| E|CS|TAMS 0x0000000094200000, 0x0000000094200000| Complete 
| 323|0x0000000094300000, 0x0000000094400000, 0x0000000094400000|100%| E|CS|TAMS 0x0000000094300000, 0x0000000094300000| Complete 
| 324|0x0000000094400000, 0x0000000094500000, 0x0000000094500000|100%| E|CS|TAMS 0x0000000094400000, 0x0000000094400000| Complete 
| 325|0x0000000094500000, 0x0000000094600000, 0x0000000094600000|100%| E|CS|TAMS 0x0000000094500000, 0x0000000094500000| Complete 
| 326|0x0000000094600000, 0x0000000094700000, 0x0000000094700000|100%| E|CS|TAMS 0x0000000094600000, 0x0000000094600000| Complete 
| 327|0x0000000094700000, 0x0000000094800000, 0x0000000094800000|100%| E|CS|TAMS 0x0000000094700000, 0x0000000094700000| Complete 
| 328|0x0000000094800000, 0x0000000094900000, 0x0000000094900000|100%| E|CS|TAMS 0x0000000094800000, 0x0000000094800000| Complete 
| 329|0x0000000094900000, 0x0000000094a00000, 0x0000000094a00000|100%| E|CS|TAMS 0x0000000094900000, 0x0000000094900000| Complete 

Card table byte_map: [0x000000c440310000,0x000000c440710000] _byte_map_base: 0x000000c43ff10000

Marking Bits (Prev, Next): (CMBitMap*) 0x000000c42d49a9e0, (CMBitMap*) 0x000000c42d49a9a8
 Prev Bits: [0x000000c442b10000, 0x000000c444b10000)
 Next Bits: [0x000000c440b10000, 0x000000c442b10000)

Polling page: 0x000000c42cc00000

Metaspace:

Usage:
  Non-class:    126.94 MB capacity,   124.33 MB ( 98%) used,     2.11 MB (  2%) free+waste,   514.88 KB ( <1%) overhead. 
      Class:     18.74 MB capacity,    17.24 MB ( 92%) used,     1.28 MB (  7%) free+waste,   222.63 KB (  1%) overhead. 
       Both:    145.68 MB capacity,   141.57 MB ( 97%) used,     3.39 MB (  2%) free+waste,   737.50 KB ( <1%) overhead. 

Virtual space:
  Non-class space:      130.00 MB reserved,     129.75 MB (>99%) committed 
      Class space:        1.00 GB reserved,      19.38 MB (  2%) committed 
             Both:        1.13 GB reserved,     149.13 MB ( 13%) committed 

Chunk freelists:
   Non-Class:  2.70 MB
       Class:  596.00 KB
        Both:  3.28 MB

MaxMetaspaceSize: 17179869184.00 GB
CompressedClassSpaceSize: 1.00 GB

CodeHeap 'non-profiled nmethods': size=120064Kb used=16855Kb max_used=17899Kb free=103208Kb
 bounds [0x000000c4389d0000, 0x000000c439b50000, 0x000000c43ff10000]
CodeHeap 'profiled nmethods': size=120000Kb used=56022Kb max_used=57906Kb free=63977Kb
 bounds [0x000000c4314a0000, 0x000000c434d60000, 0x000000c4389d0000]
CodeHeap 'non-nmethods': size=5696Kb used=2406Kb max_used=2472Kb free=3289Kb
 bounds [0x000000c430f10000, 0x000000c431190000, 0x000000c4314a0000]
 total_blobs=27071 nmethods=26030 adapters=950
 compilation: enabled
              stopped_count=0, restarted_count=0
 full_count=0

Compilation events (20 events):
Event: 3919.849 Thread 0x000000c44733c800 31544 %     3       com.android.tools.r8.graph.f0$d::a @ 28 (50 bytes)
Event: 3919.850 Thread 0x000000c44733c800 nmethod 31544% 0x000000c4315a4c10 code [0x000000c4315a4e40, 0x000000c4315a54b8]
Event: 3919.853 Thread 0x000000c44733c800 31545       3       com.android.tools.r8.graph.f0$d::a (50 bytes)
Event: 3919.854 Thread 0x000000c44733c800 nmethod 31545 0x000000c431586410 code [0x000000c431586620, 0x000000c431586bb8]
Event: 3919.899 Thread 0x000000c44733c800 31551 %     3       com.android.tools.r8.dex.m::a @ 7 (62 bytes)
Event: 3919.900 Thread 0x000000c44733c800 nmethod 31551% 0x000000c43160dc10 code [0x000000c43160dea0, 0x000000c43160ea68]
Event: 3919.902 Thread 0x000000c44733c800 31552       3       com.android.tools.r8.dex.m::a (62 bytes)
Event: 3919.903 Thread 0x000000c44733c800 nmethod 31552 0x000000c43175be90 code [0x000000c43175c120, 0x000000c43175cc28]
Event: 3920.146 Thread 0x000000c44733c800 31559       2       com.google.common.collect.Maps$12::getValue (28 bytes)
Event: 3920.147 Thread 0x000000c44733c800 nmethod 31559 0x000000c4315a4710 code [0x000000c4315a48e0, 0x000000c4315a4aa8]
Event: 3920.147 Thread 0x000000c44733c800 31560       2       com.google.common.collect.Maps$9::transformEntry (11 bytes)
Event: 3920.147 Thread 0x000000c44733c800 nmethod 31560 0x000000c431503e90 code [0x000000c431504040, 0x000000c431504168]
Event: 3920.147 Thread 0x000000c44733c800 31561       2       org.gradle.internal.execution.history.impl.DefaultExecutionHistoryStore$$Lambda$981/0x0000000100b1d440::apply (8 bytes)
Event: 3920.147 Thread 0x000000c44733c800 nmethod 31561 0x000000c4315d0d10 code [0x000000c4315d0ee0, 0x000000c4315d11b8]
Event: 3920.147 Thread 0x000000c44733c800 31562       2       org.gradle.internal.execution.history.impl.DefaultExecutionHistoryStore::lambda$prepareForSerialization$0 (20 bytes)
Event: 3920.147 Thread 0x000000c44733c800 nmethod 31562 0x000000c4315a4210 code [0x000000c4315a43e0, 0x000000c4315a4638]
Event: 3920.158 Thread 0x000000c44733c800 31563       2       org.gradle.internal.execution.history.impl.FileCollectionFingerprintSerializer::write (10 bytes)
Event: 3920.158 Thread 0x000000c44733c800 nmethod 31563 0x000000c4315d0910 code [0x000000c4315d0ac0, 0x000000c4315d0c28]
Event: 3920.158 Thread 0x000000c44733c800 31564       2       org.gradle.internal.execution.history.impl.FileCollectionFingerprintSerializer::write (40 bytes)
Event: 3920.159 Thread 0x000000c44733c800 nmethod 31564 0x000000c431663e90 code [0x000000c431664080, 0x000000c431664298]

GC Heap History (20 events):
Event: 3915.789 GC heap before
{Heap before GC invocations=77 (full 0):
 garbage-first heap   total 337920K, used 283602K [0x0000000080000000, 0x0000000100000000)
  region size 1024K, 32 young (32768K), 7 survivors (7168K)
 Metaspace       used 147817K, capacity 152534K, committed 152704K, reserved 1181696K
  class space    used 18086K, capacity 19784K, committed 19840K, reserved 1048576K
}
Event: 3915.850 GC heap after
{Heap after GC invocations=78 (full 0):
 garbage-first heap   total 337920K, used 273920K [0x0000000080000000, 0x0000000100000000)
  region size 1024K, 4 young (4096K), 4 survivors (4096K)
 Metaspace       used 147817K, capacity 152534K, committed 152704K, reserved 1181696K
  class space    used 18086K, capacity 19784K, committed 19840K, reserved 1048576K
}
Event: 3916.003 GC heap before
{Heap before GC invocations=78 (full 0):
 garbage-first heap   total 337920K, used 287232K [0x0000000080000000, 0x0000000100000000)
  region size 1024K, 18 young (18432K), 4 survivors (4096K)
 Metaspace       used 147818K, capacity 152534K, committed 152704K, reserved 1181696K
  class space    used 18086K, capacity 19784K, committed 19840K, reserved 1048576K
}
Event: 3916.029 GC heap after
{Heap after GC invocations=79 (full 0):
 garbage-first heap   total 337920K, used 279552K [0x0000000080000000, 0x0000000100000000)
  region size 1024K, 3 young (3072K), 3 survivors (3072K)
 Metaspace       used 147818K, capacity 152534K, committed 152704K, reserved 1181696K
  class space    used 18086K, capacity 19784K, committed 19840K, reserved 1048576K
}
Event: 3916.155 GC heap before
{Heap before GC invocations=79 (full 0):
 garbage-first heap   total 337920K, used 291840K [0x0000000080000000, 0x0000000100000000)
  region size 1024K, 16 young (16384K), 3 survivors (3072K)
 Metaspace       used 147829K, capacity 152537K, committed 152704K, reserved 1181696K
  class space    used 18086K, capacity 19784K, committed 19840K, reserved 1048576K
}
Event: 3916.168 GC heap after
{Heap after GC invocations=80 (full 0):
 garbage-first heap   total 337920K, used 281925K [0x0000000080000000, 0x0000000100000000)
  region size 1024K, 2 young (2048K), 2 survivors (2048K)
 Metaspace       used 147829K, capacity 152537K, committed 152704K, reserved 1181696K
  class space    used 18086K, capacity 19784K, committed 19840K, reserved 1048576K
}
Event: 3916.269 GC heap before
{Heap before GC invocations=80 (full 0):
 garbage-first heap   total 337920K, used 296261K [0x0000000080000000, 0x0000000100000000)
  region size 1024K, 16 young (16384K), 2 survivors (2048K)
 Metaspace       used 147830K, capacity 152537K, committed 152704K, reserved 1181696K
  class space    used 18086K, capacity 19784K, committed 19840K, reserved 1048576K
}
Event: 3916.283 GC heap after
{Heap after GC invocations=81 (full 0):
 garbage-first heap   total 337920K, used 284014K [0x0000000080000000, 0x0000000100000000)
  region size 1024K, 2 young (2048K), 2 survivors (2048K)
 Metaspace       used 147830K, capacity 152537K, committed 152704K, reserved 1181696K
  class space    used 18086K, capacity 19784K, committed 19840K, reserved 1048576K
}
Event: 3917.541 GC heap before
{Heap before GC invocations=81 (full 0):
 garbage-first heap   total 337920K, used 249198K [0x0000000080000000, 0x0000000100000000)
  region size 1024K, 16 young (16384K), 2 survivors (2048K)
 Metaspace       used 144957K, capacity 149113K, committed 152704K, reserved 1181696K
  class space    used 17652K, capacity 19188K, committed 19840K, reserved 1048576K
}
Event: 3917.561 GC heap after
{Heap after GC invocations=82 (full 0):
 garbage-first heap   total 337920K, used 228940K [0x0000000080000000, 0x0000000100000000)
  region size 1024K, 2 young (2048K), 2 survivors (2048K)
 Metaspace       used 144957K, capacity 149113K, committed 152704K, reserved 1181696K
  class space    used 17652K, capacity 19188K, committed 19840K, reserved 1048576K
}
Event: 3918.361 GC heap before
{Heap before GC invocations=83 (full 0):
 garbage-first heap   total 337920K, used 275020K [0x0000000080000000, 0x0000000100000000)
  region size 1024K, 44 young (45056K), 2 survivors (2048K)
 Metaspace       used 144960K, capacity 149113K, committed 152704K, reserved 1181696K
  class space    used 17652K, capacity 19188K, committed 19840K, reserved 1048576K
}
Event: 3918.445 GC heap after
{Heap after GC invocations=84 (full 0):
 garbage-first heap   total 337920K, used 239488K [0x0000000080000000, 0x0000000100000000)
  region size 1024K, 6 young (6144K), 6 survivors (6144K)
 Metaspace       used 144960K, capacity 149113K, committed 152704K, reserved 1181696K
  class space    used 17652K, capacity 19188K, committed 19840K, reserved 1048576K
}
Event: 3918.468 GC heap before
{Heap before GC invocations=84 (full 0):
 garbage-first heap   total 337920K, used 249728K [0x0000000080000000, 0x0000000100000000)
  region size 1024K, 16 young (16384K), 6 survivors (6144K)
 Metaspace       used 144960K, capacity 149113K, committed 152704K, reserved 1181696K
  class space    used 17652K, capacity 19188K, committed 19840K, reserved 1048576K
}
Event: 3918.836 GC heap after
{Heap after GC invocations=85 (full 0):
 garbage-first heap   total 337920K, used 209938K [0x0000000080000000, 0x0000000100000000)
  region size 1024K, 2 young (2048K), 2 survivors (2048K)
 Metaspace       used 144960K, capacity 149113K, committed 152704K, reserved 1181696K
  class space    used 17652K, capacity 19188K, committed 19840K, reserved 1048576K
}
Event: 3919.327 GC heap before
{Heap before GC invocations=85 (full 0):
 garbage-first heap   total 337920K, used 224274K [0x0000000080000000, 0x0000000100000000)
  region size 1024K, 16 young (16384K), 2 survivors (2048K)
 Metaspace       used 144960K, capacity 149113K, committed 152704K, reserved 1181696K
  class space    used 17652K, capacity 19188K, committed 19840K, reserved 1048576K
}
Event: 3919.367 GC heap after
{Heap after GC invocations=86 (full 0):
 garbage-first heap   total 337920K, used 203226K [0x0000000080000000, 0x0000000100000000)
  region size 1024K, 2 young (2048K), 2 survivors (2048K)
 Metaspace       used 144960K, capacity 149113K, committed 152704K, reserved 1181696K
  class space    used 17652K, capacity 19188K, committed 19840K, reserved 1048576K
}
Event: 3919.477 GC heap before
{Heap before GC invocations=86 (full 0):
 garbage-first heap   total 337920K, used 223706K [0x0000000080000000, 0x0000000100000000)
  region size 1024K, 16 young (16384K), 2 survivors (2048K)
 Metaspace       used 144960K, capacity 149113K, committed 152704K, reserved 1181696K
  class space    used 17652K, capacity 19188K, committed 19840K, reserved 1048576K
}
Event: 3919.544 GC heap after
{Heap after GC invocations=87 (full 0):
 garbage-first heap   total 337920K, used 201992K [0x0000000080000000, 0x0000000100000000)
  region size 1024K, 2 young (2048K), 2 survivors (2048K)
 Metaspace       used 144960K, capacity 149113K, committed 152704K, reserved 1181696K
  class space    used 17652K, capacity 19188K, committed 19840K, reserved 1048576K
}
Event: 3919.720 GC heap before
{Heap before GC invocations=87 (full 0):
 garbage-first heap   total 337920K, used 216328K [0x0000000080000000, 0x0000000100000000)
  region size 1024K, 16 young (16384K), 2 survivors (2048K)
 Metaspace       used 144965K, capacity 149113K, committed 152704K, reserved 1181696K
  class space    used 17652K, capacity 19188K, committed 19840K, reserved 1048576K
}
Event: 3919.742 GC heap after
{Heap after GC invocations=88 (full 0):
 garbage-first heap   total 337920K, used 199876K [0x0000000080000000, 0x0000000100000000)
  region size 1024K, 1 young (1024K), 1 survivors (1024K)
 Metaspace       used 144965K, capacity 149113K, committed 152704K, reserved 1181696K
  class space    used 17652K, capacity 19188K, committed 19840K, reserved 1048576K
}

Deoptimization events (20 events):
Event: 3916.204 Thread 0x000000c45127c000 DEOPT PACKING pc=0x000000c432c684bf sp=0x000000c45d91eae0
Event: 3916.204 Thread 0x000000c45127c000 DEOPT UNPACKING pc=0x000000c430f376ce sp=0x000000c45d91dfa0 mode 0
Event: 3917.494 Thread 0x000000c45127a800 Uncommon trap: trap_request=0xffffff4d fr.pc=0x000000c439052678 relative=0x0000000000002478
Event: 3917.494 Thread 0x000000c45127a800 Uncommon trap: reason=unstable_if action=reinterpret pc=0x000000c439052678 method=com.android.tools.r8.internal.E9.a(C)Z @ 15 c2
Event: 3917.494 Thread 0x000000c45127a800 DEOPT PACKING pc=0x000000c439052678 sp=0x000000c45b5bd050
Event: 3917.494 Thread 0x000000c45127a800 DEOPT UNPACKING pc=0x000000c430f378af sp=0x000000c45b5bcf18 mode 2
Event: 3917.733 Thread 0x000000c45127c000 DEOPT PACKING pc=0x000000c432d06820 sp=0x000000c45d91e480
Event: 3917.733 Thread 0x000000c45127c000 DEOPT UNPACKING pc=0x000000c430f376ce sp=0x000000c45d91d928 mode 0
Event: 3917.810 Thread 0x000000c45127c000 DEOPT PACKING pc=0x000000c432d06820 sp=0x000000c45d91e4b0
Event: 3917.810 Thread 0x000000c45127c000 DEOPT UNPACKING pc=0x000000c430f376ce sp=0x000000c45d91d958 mode 0
Event: 3917.836 Thread 0x000000c45127c000 DEOPT PACKING pc=0x000000c432d06820 sp=0x000000c45d91e510
Event: 3917.836 Thread 0x000000c45127c000 DEOPT UNPACKING pc=0x000000c430f376ce sp=0x000000c45d91d9b8 mode 0
Event: 3917.894 Thread 0x000000c45127c000 DEOPT PACKING pc=0x000000c432d06820 sp=0x000000c45d91e540
Event: 3917.894 Thread 0x000000c45127c000 DEOPT UNPACKING pc=0x000000c430f376ce sp=0x000000c45d91d9e8 mode 0
Event: 3918.053 Thread 0x000000c45127c000 DEOPT PACKING pc=0x000000c432d06820 sp=0x000000c45d91e580
Event: 3918.053 Thread 0x000000c45127c000 DEOPT UNPACKING pc=0x000000c430f376ce sp=0x000000c45d91da28 mode 0
Event: 3920.147 Thread 0x000000c454059000 Uncommon trap: trap_request=0xffffff4d fr.pc=0x000000c438a84f20 relative=0x0000000000000940
Event: 3920.147 Thread 0x000000c454059000 Uncommon trap: reason=unstable_if action=reinterpret pc=0x000000c438a84f20 method=java.io.ObjectStreamClass.processQueue(Ljava/lang/ref/ReferenceQueue;Ljava/util/concurrent/ConcurrentMap;)V @ 6 c2
Event: 3920.147 Thread 0x000000c454059000 DEOPT PACKING pc=0x000000c438a84f20 sp=0x000000c44e37e660
Event: 3920.147 Thread 0x000000c454059000 DEOPT UNPACKING pc=0x000000c430f378af sp=0x000000c44e37e5b0 mode 2

Classes redefined (0 events):
No events

Internal exceptions (20 events):
Event: 3914.587 Thread 0x000000c454056800 Exception <a 'sun/nio/fs/WindowsException'{0x0000000091cba570}> (0x0000000091cba570) thrown at [./src/hotspot/share/prims/jni.cpp, line 615]
Event: 3914.587 Thread 0x000000c454056800 Exception <a 'sun/nio/fs/WindowsException'{0x0000000091cba6a0}> (0x0000000091cba6a0) thrown at [./src/hotspot/share/prims/jni.cpp, line 615]
Event: 3914.587 Thread 0x000000c454056800 Exception <a 'sun/nio/fs/WindowsException'{0x0000000091cbe6a8}> (0x0000000091cbe6a8) thrown at [./src/hotspot/share/prims/jni.cpp, line 615]
Event: 3914.587 Thread 0x000000c454056800 Exception <a 'sun/nio/fs/WindowsException'{0x0000000091cbe7e8}> (0x0000000091cbe7e8) thrown at [./src/hotspot/share/prims/jni.cpp, line 615]
Event: 3914.588 Thread 0x000000c454056800 Exception <a 'sun/nio/fs/WindowsException'{0x0000000091cc0ab0}> (0x0000000091cc0ab0) thrown at [./src/hotspot/share/prims/jni.cpp, line 615]
Event: 3914.588 Thread 0x000000c454056800 Exception <a 'sun/nio/fs/WindowsException'{0x0000000091cc0bf8}> (0x0000000091cc0bf8) thrown at [./src/hotspot/share/prims/jni.cpp, line 615]
Event: 3914.588 Thread 0x000000c454056800 Exception <a 'sun/nio/fs/WindowsException'{0x0000000091cc3578}> (0x0000000091cc3578) thrown at [./src/hotspot/share/prims/jni.cpp, line 615]
Event: 3914.588 Thread 0x000000c454056800 Exception <a 'sun/nio/fs/WindowsException'{0x0000000091cc36b8}> (0x0000000091cc36b8) thrown at [./src/hotspot/share/prims/jni.cpp, line 615]
Event: 3914.588 Thread 0x000000c454056800 Exception <a 'sun/nio/fs/WindowsException'{0x0000000091cc5988}> (0x0000000091cc5988) thrown at [./src/hotspot/share/prims/jni.cpp, line 615]
Event: 3914.588 Thread 0x000000c454056800 Exception <a 'sun/nio/fs/WindowsException'{0x0000000091cc5ad8}> (0x0000000091cc5ad8) thrown at [./src/hotspot/share/prims/jni.cpp, line 615]
Event: 3914.589 Thread 0x000000c454056800 Exception <a 'sun/nio/fs/WindowsException'{0x0000000091cc8fd0}> (0x0000000091cc8fd0) thrown at [./src/hotspot/share/prims/jni.cpp, line 615]
Event: 3914.589 Thread 0x000000c454056800 Exception <a 'sun/nio/fs/WindowsException'{0x0000000091cc90f0}> (0x0000000091cc90f0) thrown at [./src/hotspot/share/prims/jni.cpp, line 615]
Event: 3914.589 Thread 0x000000c454056800 Exception <a 'sun/nio/fs/WindowsException'{0x0000000091ccb390}> (0x0000000091ccb390) thrown at [./src/hotspot/share/prims/jni.cpp, line 615]
Event: 3914.589 Thread 0x000000c454056800 Exception <a 'sun/nio/fs/WindowsException'{0x0000000091ccb4c0}> (0x0000000091ccb4c0) thrown at [./src/hotspot/share/prims/jni.cpp, line 615]
Event: 3914.595 Thread 0x000000c454056800 Exception <a 'sun/nio/fs/WindowsException'{0x0000000091cd68e0}> (0x0000000091cd68e0) thrown at [./src/hotspot/share/prims/jni.cpp, line 615]
Event: 3914.595 Thread 0x000000c454056800 Exception <a 'sun/nio/fs/WindowsException'{0x0000000091cd7898}> (0x0000000091cd7898) thrown at [./src/hotspot/share/prims/jni.cpp, line 615]
Event: 3914.595 Thread 0x000000c454056800 Exception <a 'sun/nio/fs/WindowsException'{0x0000000091cd88a0}> (0x0000000091cd88a0) thrown at [./src/hotspot/share/prims/jni.cpp, line 615]
Event: 3914.595 Thread 0x000000c454056800 Exception <a 'sun/nio/fs/WindowsException'{0x0000000091cd98a8}> (0x0000000091cd98a8) thrown at [./src/hotspot/share/prims/jni.cpp, line 615]
Event: 3915.147 Thread 0x000000c45127a800 Exception <a 'sun/nio/fs/WindowsException'{0x0000000093fb3fa8}> (0x0000000093fb3fa8) thrown at [./src/hotspot/share/prims/jni.cpp, line 615]
Event: 3920.012 Thread 0x000000c45127c000 Exception <a 'sun/nio/fs/WindowsException'{0x0000000093f8b198}> (0x0000000093f8b198) thrown at [./src/hotspot/share/prims/jni.cpp, line 615]

Events (20 events):
Event: 3919.026 Thread 0x000000c44733d800 flushing nmethod 0x000000c43414db90
Event: 3919.026 Thread 0x000000c44733d800 flushing nmethod 0x000000c43416b110
Event: 3919.027 Thread 0x000000c44733d800 flushing nmethod 0x000000c434190a90
Event: 3919.029 Thread 0x000000c44733d800 flushing nmethod 0x000000c43425c290
Event: 3919.326 Executing VM operation: G1CollectForAllocation
Event: 3919.367 Executing VM operation: G1CollectForAllocation done
Event: 3919.477 Executing VM operation: G1CollectForAllocation
Event: 3919.544 Executing VM operation: G1CollectForAllocation done
Event: 3919.719 Executing VM operation: G1CollectForAllocation
Event: 3919.742 Executing VM operation: G1CollectForAllocation done
Event: 3920.109 Executing VM operation: RevokeBias
Event: 3920.110 Executing coalesced safepoint VM operation: BulkRevokeBias
Event: 3920.111 Executing coalesced safepoint VM operation: BulkRevokeBias done
Event: 3920.111 Executing coalesced safepoint VM operation: RevokeBias
Event: 3920.111 Executing coalesced safepoint VM operation: RevokeBias done
Event: 3920.111 Executing VM operation: RevokeBias done
Event: 3920.111 Thread 0x000000c45127e000 Thread exited: 0x000000c45127e000
Event: 3920.111 Thread 0x000000c451279800 Thread exited: 0x000000c451279800
Event: 3920.112 Thread 0x000000c45127c000 Thread exited: 0x000000c45127c000
Event: 3920.112 Thread 0x000000c451279000 Thread exited: 0x000000c451279000


Dynamic libraries:
0x00007ff711340000 - 0x00007ff71134a000 	C:\Program Files\Android\Android Studio\jre\bin\java.exe
0x00007ff891680000 - 0x00007ff89182d000 	C:\Windows\SYSTEM32\ntdll.dll
0x00007ff88edf0000 - 0x00007ff88ef2a000 	C:\Windows\system32\KERNEL32.DLL
0x00007ff88ec30000 - 0x00007ff88ed40000 	C:\Windows\system32\KERNELBASE.dll
0x00007ff87c970000 - 0x00007ff87c989000 	C:\Program Files\Android\Android Studio\jre\bin\jli.dll
0x00007ff87aa10000 - 0x00007ff87aa27000 	C:\Program Files\Android\Android Studio\jre\bin\VCRUNTIME140.dll
0x00007ff8885d0000 - 0x00007ff8885d4000 	C:\Windows\SYSTEM32\api-ms-win-crt-stdio-l1-1-0.dll
0x00007ff886e00000 - 0x00007ff886e04000 	C:\Windows\SYSTEM32\api-ms-win-crt-runtime-l1-1-0.dll
0x00007ff884190000 - 0x00007ff884193000 	C:\Windows\SYSTEM32\api-ms-win-crt-environment-l1-1-0.dll
0x00007ff87ffe0000 - 0x00007ff87ffe5000 	C:\Windows\SYSTEM32\api-ms-win-crt-math-l1-1-0.dll
0x00007ff87ddc0000 - 0x00007ff87ddc3000 	C:\Windows\SYSTEM32\api-ms-win-crt-locale-l1-1-0.dll
0x00007ff87fd20000 - 0x00007ff87fd23000 	C:\Windows\SYSTEM32\api-ms-win-crt-heap-l1-1-0.dll
0x00007ff88c4e0000 - 0x00007ff88c73a000 	C:\Windows\WinSxS\amd64_microsoft.windows.common-controls_6595b64144ccf1df_6.0.9600.17031_none_6242a4b3ecbb55a1\COMCTL32.dll
0x00007ff891420000 - 0x00007ff891591000 	C:\Windows\system32\USER32.dll
0x00007ff87ffb0000 - 0x00007ff87ffb3000 	C:\Windows\SYSTEM32\api-ms-win-crt-filesystem-l1-1-0.dll
0x00007ff888270000 - 0x00007ff888274000 	C:\Windows\SYSTEM32\api-ms-win-crt-string-l1-1-0.dll
0x00007ff884800000 - 0x00007ff884804000 	C:\Windows\SYSTEM32\api-ms-win-crt-convert-l1-1-0.dll
0x00007ff88f5e0000 - 0x00007ff88f687000 	C:\Windows\system32\msvcrt.dll
0x00007ff890c60000 - 0x00007ff890da5000 	C:\Windows\system32\GDI32.dll
0x00007ff8624e0000 - 0x00007ff8625d2000 	C:\Windows\SYSTEM32\ucrtbase.DLL
0x00007ff890f90000 - 0x00007ff890fc4000 	C:\Windows\system32\IMM32.DLL
0x00007ff88f2e0000 - 0x00007ff88f419000 	C:\Windows\system32\MSCTF.dll
0x00007ff875b20000 - 0x00007ff875bbd000 	C:\Program Files\Android\Android Studio\jre\bin\msvcp140.dll
0x00007ff87be20000 - 0x00007ff87be25000 	C:\Windows\SYSTEM32\api-ms-win-crt-multibyte-l1-1-0.dll
0x00007ff87ff90000 - 0x00007ff87ff93000 	C:\Windows\SYSTEM32\api-ms-win-crt-time-l1-1-0.dll
0x00007ff883eb0000 - 0x00007ff883eb3000 	C:\Windows\SYSTEM32\api-ms-win-crt-utility-l1-1-0.dll
0x00007ff85ec70000 - 0x00007ff85f73f000 	C:\Program Files\Android\Android Studio\jre\bin\server\jvm.dll
0x00007ff88eff0000 - 0x00007ff88f095000 	C:\Windows\system32\ADVAPI32.dll
0x00007ff87c7d0000 - 0x00007ff87c7d9000 	C:\Windows\SYSTEM32\WSOCK32.dll
0x00007ff8841d0000 - 0x00007ff8841ef000 	C:\Windows\SYSTEM32\WINMM.dll
0x00007ff8837e0000 - 0x00007ff8837ea000 	C:\Windows\SYSTEM32\VERSION.dll
0x00007ff88f5d0000 - 0x00007ff88f5d7000 	C:\Windows\system32\PSAPI.DLL
0x00007ff8913c0000 - 0x00007ff891417000 	C:\Windows\SYSTEM32\sechost.dll
0x00007ff88f430000 - 0x00007ff88f566000 	C:\Windows\system32\RPCRT4.dll
0x00007ff88f0a0000 - 0x00007ff88f0fa000 	C:\Windows\system32\WS2_32.dll
0x00007ff8841a0000 - 0x00007ff8841ca000 	C:\Windows\SYSTEM32\WINMMBASE.dll
0x00007ff8913b0000 - 0x00007ff8913b9000 	C:\Windows\system32\NSI.dll
0x00007ff88ea00000 - 0x00007ff88ea4a000 	C:\Windows\SYSTEM32\cfgmgr32.dll
0x00007ff88d760000 - 0x00007ff88d786000 	C:\Windows\SYSTEM32\DEVOBJ.dll
0x00007ff88d7b0000 - 0x00007ff88d7ba000 	C:\Windows\SYSTEM32\kernel.appcore.dll
0x00007ff87e3a0000 - 0x00007ff87e3b1000 	C:\Program Files\Android\Android Studio\jre\bin\verify.dll
0x00007ff87ca40000 - 0x00007ff87cbc8000 	C:\Windows\SYSTEM32\DBGHELP.DLL
0x00007ff87e300000 - 0x00007ff87e329000 	C:\Program Files\Android\Android Studio\jre\bin\java.dll
0x00007ff87e8d0000 - 0x00007ff87e8db000 	C:\Program Files\Android\Android Studio\jre\bin\jimage.dll
0x00007ff87e200000 - 0x00007ff87e218000 	C:\Program Files\Android\Android Studio\jre\bin\zip.dll
0x00007ff88f690000 - 0x00007ff890bb8000 	C:\Windows\system32\SHELL32.dll
0x00007ff891030000 - 0x00007ff891206000 	C:\Windows\SYSTEM32\combase.dll
0x00007ff88f570000 - 0x00007ff88f5c1000 	C:\Windows\system32\SHLWAPI.dll
0x00007ff88cf20000 - 0x00007ff88cfbf000 	C:\Windows\SYSTEM32\SHCORE.dll
0x00007ff88e8e0000 - 0x00007ff88e8f4000 	C:\Windows\SYSTEM32\profapi.dll
0x00007ff87e1c0000 - 0x00007ff87e1da000 	C:\Program Files\Android\Android Studio\jre\bin\net.dll
0x00007ff8846d0000 - 0x00007ff884799000 	C:\Windows\SYSTEM32\WINHTTP.dll
0x00007ff88e210000 - 0x00007ff88e269000 	C:\Windows\system32\mswsock.dll
0x00007ff87e1a0000 - 0x00007ff87e1b4000 	C:\Program Files\Android\Android Studio\jre\bin\nio.dll
0x00007ff87b010000 - 0x00007ff87b037000 	C:\Users\Cristhian Morales\.gradle\native\8bec1ad78214c89d9ad589b4d07fe93259594b29d510b10fafb7a158f7737e5d\windows-amd64\native-platform.dll
0x00007ff861340000 - 0x00007ff86147d000 	C:\Users\Cristhian Morales\.gradle\native\53dbd7edfb1c66fb8903c78663c9afc45aea4f116125fa6feffd364cf09443e8\windows-amd64\native-platform-file-events.dll
0x00007ff87e390000 - 0x00007ff87e39a000 	C:\Program Files\Android\Android Studio\jre\bin\management.dll
0x00007ff87e1f0000 - 0x00007ff87e1fc000 	C:\Program Files\Android\Android Studio\jre\bin\management_ext.dll
0x00007ff88e270000 - 0x00007ff88e28e000 	C:\Windows\SYSTEM32\CRYPTSP.dll
0x00007ff88de60000 - 0x00007ff88de95000 	C:\Windows\system32\rsaenh.dll
0x00007ff88e4a0000 - 0x00007ff88e4c6000 	C:\Windows\SYSTEM32\bcrypt.dll
0x00007ff88df70000 - 0x00007ff88df8f000 	C:\Windows\SYSTEM32\USERENV.dll
0x00007ff88e7c0000 - 0x00007ff88e820000 	C:\Windows\system32\bcryptprimitives.dll
0x00007ff88e820000 - 0x00007ff88e82a000 	C:\Windows\SYSTEM32\CRYPTBASE.dll
0x00007ff8877f0000 - 0x00007ff887819000 	C:\Windows\SYSTEM32\IPHLPAPI.DLL
0x00007ff889f60000 - 0x00007ff889f6a000 	C:\Windows\SYSTEM32\WINNSI.DLL
0x00007ff885500000 - 0x00007ff885514000 	C:\Windows\SYSTEM32\dhcpcsvc6.DLL
0x00007ff885a00000 - 0x00007ff885a19000 	C:\Windows\SYSTEM32\dhcpcsvc.DLL
0x00007ff87c910000 - 0x00007ff87c937000 	C:\Program Files\Android\Android Studio\jre\bin\sunec.dll
0x00007ff88e020000 - 0x00007ff88e0c3000 	C:\Windows\SYSTEM32\DNSAPI.dll
0x00007ff882280000 - 0x00007ff882289000 	C:\Windows\System32\rasadhlp.dll
0x00007ff8858f0000 - 0x00007ff88595b000 	C:\Windows\System32\fwpuclnt.dll

dbghelp: loaded successfully - version: 4.0.5 - missing functions: none
symbol engine: initialized successfully - sym options: 0x614 - pdb path: .;C:\Program Files\Android\Android Studio\jre\bin;C:\Windows\SYSTEM32;C:\Windows\WinSxS\amd64_microsoft.windows.common-controls_6595b64144ccf1df_6.0.9600.17031_none_6242a4b3ecbb55a1;C:\Program Files\Android\Android Studio\jre\bin\server;C:\Users\Cristhian Morales\.gradle\native\8bec1ad78214c89d9ad589b4d07fe93259594b29d510b10fafb7a158f7737e5d\windows-amd64;C:\Users\Cristhian Morales\.gradle\native\53dbd7edfb1c66fb8903c78663c9afc45aea4f116125fa6feffd364cf09443e8\windows-amd64

VM Arguments:
jvm_args: --add-opens=java.base/java.util=ALL-UNNAMED --add-opens=java.base/java.lang=ALL-UNNAMED --add-opens=java.base/java.lang.invoke=ALL-UNNAMED --add-opens=java.base/java.util=ALL-UNNAMED --add-opens=java.prefs/java.util.prefs=ALL-UNNAMED --add-opens=java.prefs/java.util.prefs=ALL-UNNAMED --add-opens=java.base/java.nio.charset=ALL-UNNAMED --add-opens=java.base/java.net=ALL-UNNAMED --add-opens=java.base/java.util.concurrent.atomic=ALL-UNNAMED -Xmx2048m -Dfile.encoding=UTF-8 -Duser.country=CO -Duser.language=es -Duser.variant 
java_command: org.gradle.launcher.daemon.bootstrap.GradleDaemon 7.0.2
java_class_path (initial): C:\Users\Cristhian Morales\.gradle\wrapper\dists\gradle-7.0.2-bin\857tjihv64xamwrf0h14cai3r\gradle-7.0.2\lib\gradle-launcher-7.0.2.jar
Launcher Type: SUN_STANDARD

[Global flags]
     intx CICompilerCount                          = 3                                         {product} {ergonomic}
     uint ConcGCThreads                            = 1                                         {product} {ergonomic}
     uint G1ConcRefinementThreads                  = 4                                         {product} {ergonomic}
   size_t G1HeapRegionSize                         = 1048576                                   {product} {ergonomic}
    uintx GCDrainStackTargetSize                   = 64                                        {product} {ergonomic}
   size_t InitialHeapSize                          = 130023424                                 {product} {ergonomic}
   size_t MarkStackSize                            = 4194304                                   {product} {ergonomic}
   size_t MaxHeapSize                              = 2147483648                                {product} {command line}
   size_t MaxNewSize                               = 1287651328                                {product} {ergonomic}
   size_t MinHeapDeltaBytes                        = 1048576                                   {product} {ergonomic}
    uintx NonNMethodCodeHeapSize                   = 5830732                                {pd product} {ergonomic}
    uintx NonProfiledCodeHeapSize                  = 122913754                              {pd product} {ergonomic}
    uintx ProfiledCodeHeapSize                     = 122913754                              {pd product} {ergonomic}
    uintx ReservedCodeCacheSize                    = 251658240                              {pd product} {ergonomic}
     bool SegmentedCodeCache                       = true                                      {product} {ergonomic}
     bool UseCompressedClassPointers               = true                                 {lp64_product} {ergonomic}
     bool UseCompressedOops                        = true                                 {lp64_product} {ergonomic}
     bool UseG1GC                                  = true                                      {product} {ergonomic}
     bool UseLargePagesIndividualAllocation        = false                                  {pd product} {ergonomic}

Logging:
Log output configuration:
 #0: stdout all=warning uptime,level,tags
 #1: stderr all=off uptime,level,tags

Environment Variables:
PATH=C:\Program Files\AdoptOpenJDK\jdk-11.0.11.9-hotspot\bin;C:\ProgramData\Oracle\Java\javapath;C:\Windows\system32;C:\Windows;C:\Windows\System32\Wbem;C:\Windows\System32\WindowsPowerShell\v1.0\;C:\Program Files\Intel\WiFi\bin\;C:\Program Files\Common Files\Intel\WirelessCommon\;C:\Program Files\PuTTY\;C:\Program Files\nodejs\;C:\ProgramData\chocolatey\bin;C:\Program Files\Git\cmd;C:\Users\Cristhian Morales\AppData\Local\Programs\Python\Python39\Scripts\;C:\Users\Cristhian Morales\AppData\Local\Programs\Python\Python39\;C:\Program Files\Intel\WiFi\bin\;C:\Program Files\Common Files\Intel\WirelessCommon\;C:\Users\Cristhian Morales\AppData\Local\Programs\Microsoft VS Code\bin;C:\Users\Cristhian Morales\AppData\Roaming\npm;C:\Users\Cristhian Morales\AppData\Local\GitHubDesktop\bin
USERNAME=Cristhian Morales
OS=Windows_NT
PROCESSOR_IDENTIFIER=Intel64 Family 6 Model 61 Stepping 4, GenuineIntel



---------------  S Y S T E M  ---------------

OS: Windows 8.1 , 64 bit Build 9600 (6.3.9600.17031)
OS uptime: 3 days 14:58 hours

CPU:total 4 (initial active 4) (2 cores per cpu, 2 threads per core) family 6 model 61 stepping 4 microcode 0x2e, cmov, cx8, fxsr, mmx, sse, sse2, sse3, ssse3, sse4.1, sse4.2, popcnt, avx, avx2, aes, clmul, erms, 3dnowpref, lzcnt, ht, tsc, tscinvbit, bmi1, bmi2, adx, fma

Memory: 4k page, system-wide physical 7926M (216M free)
TotalPageFile size 10998M (AvailPageFile size 39M)
current process WorkingSet (physical memory assigned to process): 630M, peak: 655M
current process commit charge ("private bytes"): 759M, peak: 759M

vm_info: OpenJDK 64-Bit Server VM (11.0.10+0-b96-7249189) for windows-amd64 JRE (11.0.10+0-b96-7249189), built on Mar 31 2021 21:44:00 by "builder" with MS VC++ 14.0 (VS2015)

END.
